{"C:\\Users\\杨斌\\Desktop\\upload-file-plugin\\src\\utils\\errors.ts": {"path":"C:\\Users\\杨斌\\Desktop\\upload-file-plugin\\src\\utils\\errors.ts","all":false,"statementMap":{"7":{"start":{"line":8,"column":0},"end":{"line":8,"column":38}},"8":{"start":{"line":9,"column":0},"end":{"line":9,"column":17}},"9":{"start":{"line":10,"column":0},"end":{"line":10,"column":14}},"10":{"start":{"line":11,"column":0},"end":{"line":11,"column":19}},"19":{"start":{"line":20,"column":0},"end":{"line":20,"column":79}},"20":{"start":{"line":21,"column":0},"end":{"line":21,"column":19}},"21":{"start":{"line":22,"column":0},"end":{"line":22,"column":28}},"22":{"start":{"line":23,"column":0},"end":{"line":23,"column":25}},"23":{"start":{"line":24,"column":0},"end":{"line":24,"column":19}},"24":{"start":{"line":25,"column":0},"end":{"line":25,"column":27}},"27":{"start":{"line":28,"column":0},"end":{"line":28,"column":53}},"28":{"start":{"line":29,"column":0},"end":{"line":29,"column":3}},"29":{"start":{"line":30,"column":0},"end":{"line":30,"column":1}},"37":{"start":{"line":38,"column":0},"end":{"line":38,"column":40}},"38":{"start":{"line":39,"column":0},"end":{"line":39,"column":15}},"39":{"start":{"line":40,"column":0},"end":{"line":40,"column":20}},"47":{"start":{"line":48,"column":0},"end":{"line":48,"column":72}},"48":{"start":{"line":49,"column":0},"end":{"line":49,"column":19}},"49":{"start":{"line":50,"column":0},"end":{"line":50,"column":30}},"50":{"start":{"line":51,"column":0},"end":{"line":51,"column":21}},"51":{"start":{"line":52,"column":0},"end":{"line":52,"column":21}},"53":{"start":{"line":54,"column":0},"end":{"line":54,"column":55}},"54":{"start":{"line":55,"column":0},"end":{"line":55,"column":3}},"55":{"start":{"line":56,"column":0},"end":{"line":56,"column":1}},"62":{"start":{"line":63,"column":0},"end":{"line":63,"column":44}},"63":{"start":{"line":64,"column":0},"end":{"line":64,"column":14}},"70":{"start":{"line":71,"column":0},"end":{"line":71,"column":45}},"71":{"start":{"line":72,"column":0},"end":{"line":72,"column":19}},"72":{"start":{"line":73,"column":0},"end":{"line":73,"column":34}},"73":{"start":{"line":74,"column":0},"end":{"line":74,"column":19}},"74":{"start":{"line":75,"column":0},"end":{"line":75,"column":59}},"75":{"start":{"line":76,"column":0},"end":{"line":76,"column":3}},"76":{"start":{"line":77,"column":0},"end":{"line":77,"column":1}},"84":{"start":{"line":85,"column":0},"end":{"line":85,"column":44}},"85":{"start":{"line":86,"column":0},"end":{"line":86,"column":16}},"86":{"start":{"line":87,"column":0},"end":{"line":87,"column":17}},"94":{"start":{"line":95,"column":0},"end":{"line":95,"column":63}},"95":{"start":{"line":96,"column":0},"end":{"line":96,"column":19}},"96":{"start":{"line":97,"column":0},"end":{"line":97,"column":34}},"97":{"start":{"line":98,"column":0},"end":{"line":98,"column":23}},"98":{"start":{"line":99,"column":0},"end":{"line":99,"column":23}},"99":{"start":{"line":100,"column":0},"end":{"line":100,"column":59}},"100":{"start":{"line":101,"column":0},"end":{"line":101,"column":3}},"101":{"start":{"line":102,"column":0},"end":{"line":102,"column":1}},"109":{"start":{"line":110,"column":0},"end":{"line":110,"column":50}},"110":{"start":{"line":111,"column":0},"end":{"line":111,"column":18}},"111":{"start":{"line":112,"column":0},"end":{"line":112,"column":21}},"120":{"start":{"line":121,"column":0},"end":{"line":121,"column":95}},"121":{"start":{"line":122,"column":0},"end":{"line":122,"column":43}},"122":{"start":{"line":123,"column":0},"end":{"line":123,"column":34}},"123":{"start":{"line":124,"column":0},"end":{"line":124,"column":27}},"124":{"start":{"line":125,"column":0},"end":{"line":125,"column":33}},"125":{"start":{"line":126,"column":0},"end":{"line":126,"column":59}},"126":{"start":{"line":127,"column":0},"end":{"line":127,"column":3}},"127":{"start":{"line":128,"column":0},"end":{"line":128,"column":1}},"135":{"start":{"line":136,"column":0},"end":{"line":136,"column":48}},"136":{"start":{"line":137,"column":0},"end":{"line":137,"column":25}},"137":{"start":{"line":138,"column":0},"end":{"line":138,"column":21}},"146":{"start":{"line":147,"column":0},"end":{"line":147,"column":14}},"147":{"start":{"line":148,"column":0},"end":{"line":148,"column":20}},"148":{"start":{"line":149,"column":0},"end":{"line":149,"column":27}},"149":{"start":{"line":150,"column":0},"end":{"line":150,"column":23}},"150":{"start":{"line":151,"column":0},"end":{"line":151,"column":28}},"151":{"start":{"line":152,"column":0},"end":{"line":152,"column":5}},"152":{"start":{"line":153,"column":0},"end":{"line":153,"column":46}},"153":{"start":{"line":154,"column":0},"end":{"line":154,"column":32}},"154":{"start":{"line":155,"column":0},"end":{"line":155,"column":37}},"155":{"start":{"line":156,"column":0},"end":{"line":156,"column":33}},"156":{"start":{"line":157,"column":0},"end":{"line":157,"column":57}},"157":{"start":{"line":158,"column":0},"end":{"line":158,"column":3}},"158":{"start":{"line":159,"column":0},"end":{"line":159,"column":1}}},"s":{"7":1,"8":0,"9":0,"10":0,"19":0,"20":0,"21":0,"22":0,"23":0,"24":0,"27":0,"28":0,"29":0,"37":1,"38":2,"39":2,"47":2,"48":2,"49":2,"50":2,"51":2,"53":2,"54":2,"55":2,"62":1,"63":1,"70":1,"71":1,"72":1,"73":1,"74":1,"75":1,"76":1,"84":1,"85":2,"86":2,"94":2,"95":2,"96":2,"97":2,"98":2,"99":2,"100":2,"101":2,"109":1,"110":0,"111":0,"120":0,"121":0,"122":0,"123":0,"124":0,"125":0,"126":0,"127":0,"135":1,"136":2,"137":2,"146":2,"147":2,"148":2,"149":2,"150":2,"151":2,"152":2,"153":2,"154":2,"155":2,"156":2,"157":2,"158":2},"branchMap":{"0":{"type":"branch","line":8,"loc":{"start":{"line":8,"column":37},"end":{"line":30,"column":1}},"locations":[{"start":{"line":8,"column":37},"end":{"line":30,"column":1}}]},"1":{"type":"branch","line":38,"loc":{"start":{"line":38,"column":39},"end":{"line":56,"column":1}},"locations":[{"start":{"line":38,"column":39},"end":{"line":56,"column":1}}]},"2":{"type":"branch","line":48,"loc":{"start":{"line":48,"column":2},"end":{"line":55,"column":3}},"locations":[{"start":{"line":48,"column":2},"end":{"line":55,"column":3}}]},"3":{"type":"branch","line":63,"loc":{"start":{"line":63,"column":43},"end":{"line":77,"column":1}},"locations":[{"start":{"line":63,"column":43},"end":{"line":77,"column":1}}]},"4":{"type":"branch","line":71,"loc":{"start":{"line":71,"column":2},"end":{"line":76,"column":3}},"locations":[{"start":{"line":71,"column":2},"end":{"line":76,"column":3}}]},"5":{"type":"branch","line":85,"loc":{"start":{"line":85,"column":43},"end":{"line":102,"column":1}},"locations":[{"start":{"line":85,"column":43},"end":{"line":102,"column":1}}]},"6":{"type":"branch","line":95,"loc":{"start":{"line":95,"column":2},"end":{"line":101,"column":3}},"locations":[{"start":{"line":95,"column":2},"end":{"line":101,"column":3}}]},"7":{"type":"branch","line":110,"loc":{"start":{"line":110,"column":49},"end":{"line":128,"column":1}},"locations":[{"start":{"line":110,"column":49},"end":{"line":128,"column":1}}]},"8":{"type":"branch","line":136,"loc":{"start":{"line":136,"column":47},"end":{"line":159,"column":1}},"locations":[{"start":{"line":136,"column":47},"end":{"line":159,"column":1}}]},"9":{"type":"branch","line":147,"loc":{"start":{"line":147,"column":2},"end":{"line":158,"column":3}},"locations":[{"start":{"line":147,"column":2},"end":{"line":158,"column":3}}]}},"b":{"0":[0],"1":[2],"2":[2],"3":[1],"4":[1],"5":[2],"6":[2],"7":[0],"8":[2],"9":[2]},"fnMap":{"0":{"name":"<instance_members_initializer>","decl":{"start":{"line":8,"column":37},"end":{"line":30,"column":1}},"loc":{"start":{"line":8,"column":37},"end":{"line":30,"column":1}},"line":8},"1":{"name":"<instance_members_initializer>","decl":{"start":{"line":38,"column":39},"end":{"line":56,"column":1}},"loc":{"start":{"line":38,"column":39},"end":{"line":56,"column":1}},"line":38},"2":{"name":"UploadError","decl":{"start":{"line":48,"column":2},"end":{"line":55,"column":3}},"loc":{"start":{"line":48,"column":2},"end":{"line":55,"column":3}},"line":48},"3":{"name":"<instance_members_initializer>","decl":{"start":{"line":63,"column":43},"end":{"line":77,"column":1}},"loc":{"start":{"line":63,"column":43},"end":{"line":77,"column":1}},"line":63},"4":{"name":"InvalidUrlError","decl":{"start":{"line":71,"column":2},"end":{"line":76,"column":3}},"loc":{"start":{"line":71,"column":2},"end":{"line":76,"column":3}},"line":71},"5":{"name":"<instance_members_initializer>","decl":{"start":{"line":85,"column":43},"end":{"line":102,"column":1}},"loc":{"start":{"line":85,"column":43},"end":{"line":102,"column":1}},"line":85},"6":{"name":"ValidationError","decl":{"start":{"line":95,"column":2},"end":{"line":101,"column":3}},"loc":{"start":{"line":95,"column":2},"end":{"line":101,"column":3}},"line":95},"7":{"name":"<instance_members_initializer>","decl":{"start":{"line":110,"column":49},"end":{"line":128,"column":1}},"loc":{"start":{"line":110,"column":49},"end":{"line":128,"column":1}},"line":110},"8":{"name":"<instance_members_initializer>","decl":{"start":{"line":136,"column":47},"end":{"line":159,"column":1}},"loc":{"start":{"line":136,"column":47},"end":{"line":159,"column":1}},"line":136},"9":{"name":"FileTypeError","decl":{"start":{"line":147,"column":2},"end":{"line":158,"column":3}},"loc":{"start":{"line":147,"column":2},"end":{"line":158,"column":3}},"line":147}},"f":{"0":0,"1":2,"2":2,"3":1,"4":1,"5":2,"6":2,"7":0,"8":2,"9":2}}
,"C:\\Users\\杨斌\\Desktop\\upload-file-plugin\\src\\utils\\index.ts": {"path":"C:\\Users\\杨斌\\Desktop\\upload-file-plugin\\src\\utils\\index.ts","all":false,"statementMap":{"0":{"start":{"line":1,"column":0},"end":{"line":1,"column":92}},"7":{"start":{"line":8,"column":0},"end":{"line":8,"column":54}},"9":{"start":{"line":10,"column":0},"end":{"line":10,"column":35}},"10":{"start":{"line":11,"column":0},"end":{"line":11,"column":14}},"11":{"start":{"line":12,"column":0},"end":{"line":12,"column":3}},"12":{"start":{"line":13,"column":0},"end":{"line":13,"column":36}},"13":{"start":{"line":14,"column":0},"end":{"line":14,"column":32}},"14":{"start":{"line":15,"column":0},"end":{"line":15,"column":64}},"15":{"start":{"line":16,"column":0},"end":{"line":16,"column":1}},"24":{"start":{"line":25,"column":0},"end":{"line":25,"column":73}},"25":{"start":{"line":26,"column":0},"end":{"line":26,"column":63}},"26":{"start":{"line":27,"column":0},"end":{"line":27,"column":66}},"27":{"start":{"line":28,"column":0},"end":{"line":28,"column":3}},"29":{"start":{"line":30,"column":0},"end":{"line":30,"column":36}},"31":{"start":{"line":32,"column":0},"end":{"line":32,"column":17}},"32":{"start":{"line":33,"column":0},"end":{"line":33,"column":41}},"33":{"start":{"line":34,"column":0},"end":{"line":34,"column":56}},"34":{"start":{"line":35,"column":0},"end":{"line":35,"column":82}},"35":{"start":{"line":36,"column":0},"end":{"line":36,"column":39}},"38":{"start":{"line":39,"column":0},"end":{"line":39,"column":98}},"40":{"start":{"line":41,"column":0},"end":{"line":41,"column":51}},"41":{"start":{"line":42,"column":0},"end":{"line":42,"column":1}},"58":{"start":{"line":59,"column":0},"end":{"line":59,"column":79}},"59":{"start":{"line":60,"column":0},"end":{"line":60,"column":45}},"61":{"start":{"line":62,"column":0},"end":{"line":62,"column":54}},"62":{"start":{"line":63,"column":0},"end":{"line":63,"column":47}},"63":{"start":{"line":64,"column":0},"end":{"line":64,"column":65}},"64":{"start":{"line":65,"column":0},"end":{"line":65,"column":60}},"65":{"start":{"line":66,"column":0},"end":{"line":66,"column":5}},"66":{"start":{"line":67,"column":0},"end":{"line":67,"column":17}},"67":{"start":{"line":68,"column":0},"end":{"line":68,"column":70}},"68":{"start":{"line":69,"column":0},"end":{"line":69,"column":3}},"69":{"start":{"line":70,"column":0},"end":{"line":70,"column":14}},"70":{"start":{"line":71,"column":0},"end":{"line":71,"column":1}},"79":{"start":{"line":80,"column":0},"end":{"line":80,"column":72}},"80":{"start":{"line":81,"column":0},"end":{"line":81,"column":69}},"81":{"start":{"line":82,"column":0},"end":{"line":82,"column":78}},"82":{"start":{"line":83,"column":0},"end":{"line":83,"column":3}},"84":{"start":{"line":85,"column":0},"end":{"line":85,"column":28}},"85":{"start":{"line":86,"column":0},"end":{"line":86,"column":30}},"86":{"start":{"line":87,"column":0},"end":{"line":87,"column":68}},"87":{"start":{"line":88,"column":0},"end":{"line":88,"column":14}},"88":{"start":{"line":89,"column":0},"end":{"line":89,"column":16}},"89":{"start":{"line":90,"column":0},"end":{"line":90,"column":10}},"90":{"start":{"line":91,"column":0},"end":{"line":91,"column":6}},"91":{"start":{"line":92,"column":0},"end":{"line":92,"column":3}},"92":{"start":{"line":93,"column":0},"end":{"line":93,"column":14}},"93":{"start":{"line":94,"column":0},"end":{"line":94,"column":1}},"101":{"start":{"line":102,"column":0},"end":{"line":102,"column":50}},"102":{"start":{"line":103,"column":0},"end":{"line":103,"column":7}},"103":{"start":{"line":104,"column":0},"end":{"line":104,"column":17}},"104":{"start":{"line":105,"column":0},"end":{"line":105,"column":16}},"105":{"start":{"line":106,"column":0},"end":{"line":106,"column":19}},"106":{"start":{"line":107,"column":0},"end":{"line":107,"column":47}},"107":{"start":{"line":108,"column":0},"end":{"line":108,"column":3}},"108":{"start":{"line":109,"column":0},"end":{"line":109,"column":1}},"119":{"start":{"line":120,"column":0},"end":{"line":120,"column":37}},"120":{"start":{"line":121,"column":0},"end":{"line":121,"column":14}},"121":{"start":{"line":122,"column":0},"end":{"line":122,"column":28}},"122":{"start":{"line":123,"column":0},"end":{"line":123,"column":22}},"123":{"start":{"line":124,"column":0},"end":{"line":124,"column":26}},"124":{"start":{"line":125,"column":0},"end":{"line":125,"column":22}},"125":{"start":{"line":126,"column":0},"end":{"line":126,"column":7}},"126":{"start":{"line":127,"column":0},"end":{"line":127,"column":47}},"129":{"start":{"line":130,"column":0},"end":{"line":130,"column":73}},"130":{"start":{"line":131,"column":0},"end":{"line":131,"column":51}},"131":{"start":{"line":132,"column":0},"end":{"line":132,"column":5}},"133":{"start":{"line":134,"column":0},"end":{"line":134,"column":20}},"134":{"start":{"line":135,"column":0},"end":{"line":135,"column":19}},"135":{"start":{"line":136,"column":0},"end":{"line":136,"column":47}},"136":{"start":{"line":137,"column":0},"end":{"line":137,"column":65}},"137":{"start":{"line":138,"column":0},"end":{"line":138,"column":65}},"138":{"start":{"line":139,"column":0},"end":{"line":139,"column":66}},"139":{"start":{"line":140,"column":0},"end":{"line":140,"column":5}},"140":{"start":{"line":141,"column":0},"end":{"line":141,"column":16}},"141":{"start":{"line":142,"column":0},"end":{"line":142,"column":3}},"142":{"start":{"line":143,"column":0},"end":{"line":143,"column":1}},"149":{"start":{"line":150,"column":0},"end":{"line":150,"column":50}},"150":{"start":{"line":151,"column":0},"end":{"line":151,"column":46}},"151":{"start":{"line":152,"column":0},"end":{"line":152,"column":10}},"152":{"start":{"line":153,"column":0},"end":{"line":153,"column":34}},"153":{"start":{"line":154,"column":0},"end":{"line":154,"column":48}},"154":{"start":{"line":155,"column":0},"end":{"line":155,"column":42}},"156":{"start":{"line":157,"column":0},"end":{"line":157,"column":1}}},"s":{"0":1,"7":1,"9":9,"10":1,"11":1,"12":8,"13":9,"14":9,"15":9,"24":1,"25":5,"26":2,"27":2,"29":5,"31":3,"32":5,"33":5,"34":5,"35":5,"38":5,"40":5,"41":5,"58":1,"59":5,"61":5,"62":5,"63":5,"64":5,"65":5,"66":5,"67":2,"68":2,"69":3,"70":3,"79":1,"80":0,"81":0,"82":0,"84":0,"85":0,"86":0,"87":0,"88":0,"89":0,"90":0,"91":0,"92":0,"93":0,"101":1,"102":4,"103":4,"104":4,"105":4,"106":1,"107":1,"108":4,"119":0,"120":0,"121":0,"122":0,"123":0,"124":0,"125":0,"126":0,"129":0,"130":0,"131":0,"133":0,"134":0,"135":0,"136":0,"137":0,"138":0,"139":0,"140":0,"141":0,"142":0,"149":0,"150":0,"151":0,"152":0,"153":0,"154":0,"156":0},"branchMap":{"0":{"type":"branch","line":8,"loc":{"start":{"line":8,"column":7},"end":{"line":16,"column":1}},"locations":[{"start":{"line":8,"column":7},"end":{"line":16,"column":1}}]},"1":{"type":"branch","line":10,"loc":{"start":{"line":10,"column":34},"end":{"line":12,"column":3}},"locations":[{"start":{"line":10,"column":34},"end":{"line":12,"column":3}}]},"2":{"type":"branch","line":12,"loc":{"start":{"line":12,"column":2},"end":{"line":14,"column":29}},"locations":[{"start":{"line":12,"column":2},"end":{"line":14,"column":29}}]},"3":{"type":"branch","line":14,"loc":{"start":{"line":14,"column":24},"end":{"line":14,"column":32}},"locations":[{"start":{"line":14,"column":24},"end":{"line":14,"column":32}}]},"4":{"type":"branch","line":15,"loc":{"start":{"line":15,"column":17},"end":{"line":15,"column":33}},"locations":[{"start":{"line":15,"column":17},"end":{"line":15,"column":33}}]},"5":{"type":"branch","line":15,"loc":{"start":{"line":15,"column":28},"end":{"line":15,"column":64}},"locations":[{"start":{"line":15,"column":28},"end":{"line":15,"column":64}}]},"6":{"type":"branch","line":25,"loc":{"start":{"line":25,"column":7},"end":{"line":42,"column":1}},"locations":[{"start":{"line":25,"column":7},"end":{"line":42,"column":1}}]},"7":{"type":"branch","line":26,"loc":{"start":{"line":26,"column":46},"end":{"line":26,"column":62}},"locations":[{"start":{"line":26,"column":46},"end":{"line":26,"column":62}}]},"8":{"type":"branch","line":26,"loc":{"start":{"line":26,"column":62},"end":{"line":28,"column":3}},"locations":[{"start":{"line":26,"column":62},"end":{"line":28,"column":3}}]},"9":{"type":"branch","line":28,"loc":{"start":{"line":28,"column":2},"end":{"line":30,"column":26}},"locations":[{"start":{"line":28,"column":2},"end":{"line":30,"column":26}}]},"10":{"type":"branch","line":30,"loc":{"start":{"line":30,"column":19},"end":{"line":30,"column":36}},"locations":[{"start":{"line":30,"column":19},"end":{"line":30,"column":36}}]},"11":{"type":"branch","line":30,"loc":{"start":{"line":30,"column":26},"end":{"line":33,"column":28}},"locations":[{"start":{"line":30,"column":26},"end":{"line":33,"column":28}}]},"12":{"type":"branch","line":33,"loc":{"start":{"line":33,"column":24},"end":{"line":33,"column":32}},"locations":[{"start":{"line":33,"column":24},"end":{"line":33,"column":32}}]},"13":{"type":"branch","line":33,"loc":{"start":{"line":33,"column":28},"end":{"line":33,"column":41}},"locations":[{"start":{"line":33,"column":28},"end":{"line":33,"column":41}}]},"14":{"type":"branch","line":59,"loc":{"start":{"line":59,"column":7},"end":{"line":71,"column":1}},"locations":[{"start":{"line":59,"column":7},"end":{"line":71,"column":1}}]},"15":{"type":"branch","line":60,"loc":{"start":{"line":60,"column":33},"end":{"line":60,"column":45}},"locations":[{"start":{"line":60,"column":33},"end":{"line":60,"column":45}}]},"16":{"type":"branch","line":67,"loc":{"start":{"line":67,"column":16},"end":{"line":69,"column":3}},"locations":[{"start":{"line":67,"column":16},"end":{"line":69,"column":3}}]},"17":{"type":"branch","line":69,"loc":{"start":{"line":69,"column":2},"end":{"line":71,"column":1}},"locations":[{"start":{"line":69,"column":2},"end":{"line":71,"column":1}}]},"18":{"type":"branch","line":63,"loc":{"start":{"line":63,"column":36},"end":{"line":66,"column":3}},"locations":[{"start":{"line":63,"column":36},"end":{"line":66,"column":3}}]},"19":{"type":"branch","line":65,"loc":{"start":{"line":65,"column":25},"end":{"line":65,"column":60}},"locations":[{"start":{"line":65,"column":25},"end":{"line":65,"column":60}}]},"20":{"type":"branch","line":102,"loc":{"start":{"line":102,"column":7},"end":{"line":109,"column":1}},"locations":[{"start":{"line":102,"column":7},"end":{"line":109,"column":1}}]},"21":{"type":"branch","line":106,"loc":{"start":{"line":106,"column":2},"end":{"line":108,"column":3}},"locations":[{"start":{"line":106,"column":2},"end":{"line":108,"column":3}}]}},"b":{"0":[9],"1":[1],"2":[8],"3":[0],"4":[1],"5":[7],"6":[5],"7":[4],"8":[2],"9":[3],"10":[0],"11":[3],"12":[0],"13":[3],"14":[5],"15":[0],"16":[2],"17":[3],"18":[5],"19":[4],"20":[4],"21":[1]},"fnMap":{"0":{"name":"getFileExt","decl":{"start":{"line":8,"column":7},"end":{"line":16,"column":1}},"loc":{"start":{"line":8,"column":7},"end":{"line":16,"column":1}},"line":8},"1":{"name":"formatSize","decl":{"start":{"line":25,"column":7},"end":{"line":42,"column":1}},"loc":{"start":{"line":25,"column":7},"end":{"line":42,"column":1}},"line":25},"2":{"name":"validateFileType","decl":{"start":{"line":59,"column":7},"end":{"line":71,"column":1}},"loc":{"start":{"line":59,"column":7},"end":{"line":71,"column":1}},"line":59},"3":{"name":"validateFileSize","decl":{"start":{"line":80,"column":7},"end":{"line":94,"column":1}},"loc":{"start":{"line":80,"column":7},"end":{"line":94,"column":1}},"line":80},"4":{"name":"isValidUrl","decl":{"start":{"line":102,"column":7},"end":{"line":109,"column":1}},"loc":{"start":{"line":102,"column":7},"end":{"line":109,"column":1}},"line":102},"5":{"name":"fetchWithRetry","decl":{"start":{"line":120,"column":0},"end":{"line":143,"column":1}},"loc":{"start":{"line":120,"column":0},"end":{"line":143,"column":1}},"line":120},"6":{"name":"isNetworkError","decl":{"start":{"line":150,"column":0},"end":{"line":157,"column":1}},"loc":{"start":{"line":150,"column":0},"end":{"line":157,"column":1}},"line":150}},"f":{"0":9,"1":5,"2":5,"3":0,"4":4,"5":0,"6":0}}
}
