{"C:\\Users\\杨斌\\Desktop\\upload-file-plugin\\src\\index.ts": {"path":"C:\\Users\\杨斌\\Desktop\\upload-file-plugin\\src\\index.ts","all":true,"statementMap":{"0":{"start":{"line":1,"column":0},"end":{"line":1,"column":38}},"1":{"start":{"line":2,"column":0},"end":{"line":2,"column":55}},"2":{"start":{"line":3,"column":0},"end":{"line":3,"column":0}},"3":{"start":{"line":4,"column":0},"end":{"line":4,"column":24}},"4":{"start":{"line":5,"column":0},"end":{"line":5,"column":31}},"5":{"start":{"line":6,"column":0},"end":{"line":6,"column":33}},"6":{"start":{"line":7,"column":0},"end":{"line":7,"column":0}},"7":{"start":{"line":8,"column":0},"end":{"line":8,"column":30}},"8":{"start":{"line":9,"column":0},"end":{"line":9,"column":0}},"9":{"start":{"line":10,"column":0},"end":{"line":10,"column":10}},"10":{"start":{"line":11,"column":0},"end":{"line":11,"column":46}},"11":{"start":{"line":12,"column":0},"end":{"line":12,"column":0}},"12":{"start":{"line":13,"column":0},"end":{"line":13,"column":26}},"13":{"start":{"line":14,"column":0},"end":{"line":14,"column":28}},"14":{"start":{"line":15,"column":0},"end":{"line":15,"column":43}},"15":{"start":{"line":16,"column":0},"end":{"line":16,"column":20}},"16":{"start":{"line":17,"column":0},"end":{"line":17,"column":3}},"17":{"start":{"line":18,"column":0},"end":{"line":18,"column":1}}},"s":{"0":0,"1":0,"2":0,"3":0,"4":0,"5":0,"6":0,"7":0,"8":0,"9":0,"10":0,"11":0,"12":0,"13":0,"14":0,"15":0,"16":0,"17":0},"branchMap":{"0":{"type":"branch","line":1,"loc":{"start":{"line":1,"column":0},"end":{"line":18,"column":1}},"locations":[{"start":{"line":1,"column":0},"end":{"line":18,"column":1}}]}},"b":{"0":[0]},"fnMap":{"0":{"name":"(empty-report)","decl":{"start":{"line":1,"column":0},"end":{"line":18,"column":1}},"loc":{"start":{"line":1,"column":0},"end":{"line":18,"column":1}},"line":1}},"f":{"0":0}}
,"C:\\Users\\杨斌\\Desktop\\upload-file-plugin\\src\\instance.ts": {"path":"C:\\Users\\杨斌\\Desktop\\upload-file-plugin\\src\\instance.ts","all":false,"statementMap":{"1":{"start":{"line":2,"column":0},"end":{"line":2,"column":89}},"2":{"start":{"line":3,"column":0},"end":{"line":3,"column":74}},"3":{"start":{"line":4,"column":0},"end":{"line":4,"column":77}},"5":{"start":{"line":6,"column":0},"end":{"line":6,"column":23}},"6":{"start":{"line":7,"column":0},"end":{"line":7,"column":43}},"7":{"start":{"line":8,"column":0},"end":{"line":8,"column":35}},"8":{"start":{"line":9,"column":0},"end":{"line":9,"column":31}},"9":{"start":{"line":10,"column":0},"end":{"line":10,"column":30}},"10":{"start":{"line":11,"column":0},"end":{"line":11,"column":50}},"11":{"start":{"line":12,"column":0},"end":{"line":12,"column":36}},"12":{"start":{"line":13,"column":0},"end":{"line":13,"column":40}},"13":{"start":{"line":14,"column":0},"end":{"line":14,"column":61}},"15":{"start":{"line":16,"column":0},"end":{"line":16,"column":47}},"16":{"start":{"line":17,"column":0},"end":{"line":17,"column":5}},"17":{"start":{"line":18,"column":0},"end":{"line":18,"column":25}},"18":{"start":{"line":19,"column":0},"end":{"line":19,"column":63}},"19":{"start":{"line":20,"column":0},"end":{"line":20,"column":30}},"20":{"start":{"line":21,"column":0},"end":{"line":21,"column":6}},"21":{"start":{"line":22,"column":0},"end":{"line":22,"column":5}},"22":{"start":{"line":23,"column":0},"end":{"line":23,"column":23}},"23":{"start":{"line":24,"column":0},"end":{"line":24,"column":64}},"24":{"start":{"line":25,"column":0},"end":{"line":25,"column":33}},"25":{"start":{"line":26,"column":0},"end":{"line":26,"column":6}},"26":{"start":{"line":27,"column":0},"end":{"line":27,"column":5}},"27":{"start":{"line":28,"column":0},"end":{"line":28,"column":27}},"28":{"start":{"line":29,"column":0},"end":{"line":29,"column":86}},"29":{"start":{"line":30,"column":0},"end":{"line":30,"column":30}},"30":{"start":{"line":31,"column":0},"end":{"line":31,"column":6}},"31":{"start":{"line":32,"column":0},"end":{"line":32,"column":4}},"32":{"start":{"line":33,"column":0},"end":{"line":33,"column":39}},"34":{"start":{"line":35,"column":0},"end":{"line":35,"column":51}},"36":{"start":{"line":37,"column":0},"end":{"line":37,"column":20}},"37":{"start":{"line":38,"column":0},"end":{"line":38,"column":59}},"38":{"start":{"line":39,"column":0},"end":{"line":39,"column":57}},"39":{"start":{"line":40,"column":0},"end":{"line":40,"column":44}},"42":{"start":{"line":43,"column":0},"end":{"line":43,"column":23}},"43":{"start":{"line":44,"column":0},"end":{"line":44,"column":28}},"44":{"start":{"line":45,"column":0},"end":{"line":45,"column":21}},"45":{"start":{"line":46,"column":0},"end":{"line":46,"column":35}},"46":{"start":{"line":47,"column":0},"end":{"line":47,"column":27}},"47":{"start":{"line":48,"column":0},"end":{"line":48,"column":27}},"48":{"start":{"line":49,"column":0},"end":{"line":49,"column":24}},"49":{"start":{"line":50,"column":0},"end":{"line":50,"column":31}},"50":{"start":{"line":51,"column":0},"end":{"line":51,"column":17}},"51":{"start":{"line":52,"column":0},"end":{"line":52,"column":6}},"54":{"start":{"line":55,"column":0},"end":{"line":55,"column":62}},"55":{"start":{"line":56,"column":0},"end":{"line":56,"column":66}},"56":{"start":{"line":57,"column":0},"end":{"line":57,"column":3}},"64":{"start":{"line":65,"column":0},"end":{"line":65,"column":72}},"65":{"start":{"line":66,"column":0},"end":{"line":66,"column":39}},"66":{"start":{"line":67,"column":0},"end":{"line":67,"column":21}},"67":{"start":{"line":68,"column":0},"end":{"line":68,"column":74}},"68":{"start":{"line":69,"column":0},"end":{"line":69,"column":5}},"70":{"start":{"line":71,"column":0},"end":{"line":71,"column":40}},"72":{"start":{"line":73,"column":0},"end":{"line":73,"column":61}},"73":{"start":{"line":74,"column":0},"end":{"line":74,"column":49}},"74":{"start":{"line":75,"column":0},"end":{"line":75,"column":37}},"75":{"start":{"line":76,"column":0},"end":{"line":76,"column":59}},"76":{"start":{"line":77,"column":0},"end":{"line":77,"column":7}},"77":{"start":{"line":78,"column":0},"end":{"line":78,"column":25}},"78":{"start":{"line":79,"column":0},"end":{"line":79,"column":5}},"81":{"start":{"line":82,"column":0},"end":{"line":82,"column":29}},"82":{"start":{"line":83,"column":0},"end":{"line":83,"column":32}},"83":{"start":{"line":84,"column":0},"end":{"line":84,"column":40}},"84":{"start":{"line":85,"column":0},"end":{"line":85,"column":30}},"85":{"start":{"line":86,"column":0},"end":{"line":86,"column":17}},"86":{"start":{"line":87,"column":0},"end":{"line":87,"column":8}},"87":{"start":{"line":88,"column":0},"end":{"line":88,"column":5}},"88":{"start":{"line":89,"column":0},"end":{"line":89,"column":41}},"89":{"start":{"line":90,"column":0},"end":{"line":90,"column":73}},"90":{"start":{"line":91,"column":0},"end":{"line":91,"column":5}},"91":{"start":{"line":92,"column":0},"end":{"line":92,"column":29}},"92":{"start":{"line":93,"column":0},"end":{"line":93,"column":3}},"101":{"start":{"line":102,"column":0},"end":{"line":102,"column":79}},"102":{"start":{"line":103,"column":0},"end":{"line":103,"column":23}},"103":{"start":{"line":104,"column":0},"end":{"line":104,"column":73}},"104":{"start":{"line":105,"column":0},"end":{"line":105,"column":26}},"105":{"start":{"line":106,"column":0},"end":{"line":106,"column":60}},"106":{"start":{"line":107,"column":0},"end":{"line":107,"column":24}},"107":{"start":{"line":108,"column":0},"end":{"line":108,"column":21}},"108":{"start":{"line":109,"column":0},"end":{"line":109,"column":20}},"109":{"start":{"line":110,"column":0},"end":{"line":110,"column":8}},"110":{"start":{"line":111,"column":0},"end":{"line":111,"column":5}},"112":{"start":{"line":113,"column":0},"end":{"line":113,"column":9}},"114":{"start":{"line":115,"column":0},"end":{"line":115,"column":63}},"115":{"start":{"line":116,"column":0},"end":{"line":116,"column":68}},"116":{"start":{"line":117,"column":0},"end":{"line":117,"column":37}},"117":{"start":{"line":118,"column":0},"end":{"line":118,"column":7}},"119":{"start":{"line":120,"column":0},"end":{"line":120,"column":50}},"120":{"start":{"line":121,"column":0},"end":{"line":121,"column":21}},"121":{"start":{"line":122,"column":0},"end":{"line":122,"column":79}},"122":{"start":{"line":123,"column":0},"end":{"line":123,"column":5}},"123":{"start":{"line":124,"column":0},"end":{"line":124,"column":3}},"138":{"start":{"line":139,"column":0},"end":{"line":139,"column":29}},"139":{"start":{"line":140,"column":0},"end":{"line":140,"column":54}},"140":{"start":{"line":141,"column":0},"end":{"line":141,"column":49}},"141":{"start":{"line":142,"column":0},"end":{"line":142,"column":21}},"142":{"start":{"line":143,"column":0},"end":{"line":143,"column":26}},"143":{"start":{"line":144,"column":0},"end":{"line":144,"column":16}},"144":{"start":{"line":145,"column":0},"end":{"line":145,"column":3}},"147":{"start":{"line":148,"column":0},"end":{"line":148,"column":61}},"148":{"start":{"line":149,"column":0},"end":{"line":149,"column":45}},"150":{"start":{"line":151,"column":0},"end":{"line":151,"column":86}},"152":{"start":{"line":153,"column":0},"end":{"line":153,"column":70}},"155":{"start":{"line":156,"column":0},"end":{"line":156,"column":42}},"156":{"start":{"line":157,"column":0},"end":{"line":157,"column":68}},"157":{"start":{"line":158,"column":0},"end":{"line":158,"column":27}},"158":{"start":{"line":159,"column":0},"end":{"line":159,"column":16}},"160":{"start":{"line":161,"column":0},"end":{"line":161,"column":26}},"161":{"start":{"line":162,"column":0},"end":{"line":162,"column":77}},"162":{"start":{"line":163,"column":0},"end":{"line":163,"column":12}},"163":{"start":{"line":164,"column":0},"end":{"line":164,"column":44}},"164":{"start":{"line":165,"column":0},"end":{"line":165,"column":57}},"165":{"start":{"line":166,"column":0},"end":{"line":166,"column":9}},"167":{"start":{"line":168,"column":0},"end":{"line":168,"column":26}},"168":{"start":{"line":169,"column":0},"end":{"line":169,"column":62}},"169":{"start":{"line":170,"column":0},"end":{"line":170,"column":34}},"170":{"start":{"line":171,"column":0},"end":{"line":171,"column":29}},"171":{"start":{"line":172,"column":0},"end":{"line":172,"column":34}},"172":{"start":{"line":173,"column":0},"end":{"line":173,"column":17}},"173":{"start":{"line":174,"column":0},"end":{"line":174,"column":88}},"174":{"start":{"line":175,"column":0},"end":{"line":175,"column":12}},"175":{"start":{"line":176,"column":0},"end":{"line":176,"column":34}},"176":{"start":{"line":177,"column":0},"end":{"line":177,"column":29}},"177":{"start":{"line":178,"column":0},"end":{"line":178,"column":9}},"178":{"start":{"line":179,"column":0},"end":{"line":179,"column":8}},"180":{"start":{"line":181,"column":0},"end":{"line":181,"column":35}},"181":{"start":{"line":182,"column":0},"end":{"line":182,"column":87}},"182":{"start":{"line":183,"column":0},"end":{"line":183,"column":27}},"183":{"start":{"line":184,"column":0},"end":{"line":184,"column":8}},"184":{"start":{"line":185,"column":0},"end":{"line":185,"column":7}},"185":{"start":{"line":186,"column":0},"end":{"line":186,"column":3}},"188":{"start":{"line":189,"column":0},"end":{"line":189,"column":42}},"189":{"start":{"line":190,"column":0},"end":{"line":190,"column":31}},"190":{"start":{"line":191,"column":0},"end":{"line":191,"column":69}},"192":{"start":{"line":193,"column":0},"end":{"line":193,"column":42}},"193":{"start":{"line":194,"column":0},"end":{"line":194,"column":47}},"194":{"start":{"line":195,"column":0},"end":{"line":195,"column":70}},"195":{"start":{"line":196,"column":0},"end":{"line":196,"column":19}},"196":{"start":{"line":197,"column":0},"end":{"line":197,"column":17}},"197":{"start":{"line":198,"column":0},"end":{"line":198,"column":14}},"198":{"start":{"line":199,"column":0},"end":{"line":199,"column":12}},"199":{"start":{"line":200,"column":0},"end":{"line":200,"column":26}},"200":{"start":{"line":201,"column":0},"end":{"line":201,"column":37}},"201":{"start":{"line":202,"column":0},"end":{"line":202,"column":9}},"202":{"start":{"line":203,"column":0},"end":{"line":203,"column":5}},"204":{"start":{"line":205,"column":0},"end":{"line":205,"column":18}},"205":{"start":{"line":206,"column":0},"end":{"line":206,"column":3}},"208":{"start":{"line":209,"column":0},"end":{"line":209,"column":61}},"209":{"start":{"line":210,"column":0},"end":{"line":210,"column":53}},"211":{"start":{"line":212,"column":0},"end":{"line":212,"column":45}},"212":{"start":{"line":213,"column":0},"end":{"line":213,"column":99}},"214":{"start":{"line":215,"column":0},"end":{"line":215,"column":9}},"216":{"start":{"line":217,"column":0},"end":{"line":217,"column":44}},"217":{"start":{"line":218,"column":0},"end":{"line":218,"column":89}},"218":{"start":{"line":219,"column":0},"end":{"line":219,"column":37}},"219":{"start":{"line":220,"column":0},"end":{"line":220,"column":8}},"220":{"start":{"line":221,"column":0},"end":{"line":221,"column":63}},"222":{"start":{"line":223,"column":0},"end":{"line":223,"column":19}},"223":{"start":{"line":224,"column":0},"end":{"line":224,"column":38}},"224":{"start":{"line":225,"column":0},"end":{"line":225,"column":21}},"225":{"start":{"line":226,"column":0},"end":{"line":226,"column":78}},"226":{"start":{"line":227,"column":0},"end":{"line":227,"column":21}},"227":{"start":{"line":228,"column":0},"end":{"line":228,"column":36}},"228":{"start":{"line":229,"column":0},"end":{"line":229,"column":25}},"229":{"start":{"line":230,"column":0},"end":{"line":230,"column":26}},"230":{"start":{"line":231,"column":0},"end":{"line":231,"column":36}},"231":{"start":{"line":232,"column":0},"end":{"line":232,"column":79}},"232":{"start":{"line":233,"column":0},"end":{"line":233,"column":38}},"233":{"start":{"line":234,"column":0},"end":{"line":234,"column":15}},"234":{"start":{"line":235,"column":0},"end":{"line":235,"column":30}},"235":{"start":{"line":236,"column":0},"end":{"line":236,"column":5}},"236":{"start":{"line":237,"column":0},"end":{"line":237,"column":3}},"239":{"start":{"line":240,"column":0},"end":{"line":240,"column":61}},"240":{"start":{"line":241,"column":0},"end":{"line":241,"column":51}},"241":{"start":{"line":242,"column":0},"end":{"line":242,"column":39}},"242":{"start":{"line":243,"column":0},"end":{"line":243,"column":65}},"243":{"start":{"line":244,"column":0},"end":{"line":244,"column":15}},"244":{"start":{"line":245,"column":0},"end":{"line":245,"column":7}},"247":{"start":{"line":248,"column":0},"end":{"line":248,"column":38}},"248":{"start":{"line":249,"column":0},"end":{"line":249,"column":65}},"249":{"start":{"line":250,"column":0},"end":{"line":250,"column":60}},"250":{"start":{"line":251,"column":0},"end":{"line":251,"column":83}},"251":{"start":{"line":252,"column":0},"end":{"line":252,"column":68}},"253":{"start":{"line":254,"column":0},"end":{"line":254,"column":52}},"254":{"start":{"line":255,"column":0},"end":{"line":255,"column":49}},"255":{"start":{"line":256,"column":0},"end":{"line":256,"column":41}},"256":{"start":{"line":257,"column":0},"end":{"line":257,"column":54}},"258":{"start":{"line":259,"column":0},"end":{"line":259,"column":21}},"259":{"start":{"line":260,"column":0},"end":{"line":260,"column":18}},"260":{"start":{"line":261,"column":0},"end":{"line":261,"column":9}},"261":{"start":{"line":262,"column":0},"end":{"line":262,"column":25}},"262":{"start":{"line":263,"column":0},"end":{"line":263,"column":25}},"263":{"start":{"line":264,"column":0},"end":{"line":264,"column":17}},"264":{"start":{"line":265,"column":0},"end":{"line":265,"column":10}},"265":{"start":{"line":266,"column":0},"end":{"line":266,"column":10}},"266":{"start":{"line":267,"column":0},"end":{"line":267,"column":12}},"267":{"start":{"line":268,"column":0},"end":{"line":268,"column":7}},"268":{"start":{"line":269,"column":0},"end":{"line":269,"column":29}},"269":{"start":{"line":270,"column":0},"end":{"line":270,"column":49}},"270":{"start":{"line":271,"column":0},"end":{"line":271,"column":10}},"271":{"start":{"line":272,"column":0},"end":{"line":272,"column":27}},"272":{"start":{"line":273,"column":0},"end":{"line":273,"column":44}},"273":{"start":{"line":274,"column":0},"end":{"line":274,"column":24}},"274":{"start":{"line":275,"column":0},"end":{"line":275,"column":11}},"275":{"start":{"line":276,"column":0},"end":{"line":276,"column":10}},"276":{"start":{"line":277,"column":0},"end":{"line":277,"column":24}},"277":{"start":{"line":278,"column":0},"end":{"line":278,"column":56}},"278":{"start":{"line":279,"column":0},"end":{"line":279,"column":10}},"279":{"start":{"line":280,"column":0},"end":{"line":280,"column":21}},"280":{"start":{"line":281,"column":0},"end":{"line":281,"column":24}},"281":{"start":{"line":282,"column":0},"end":{"line":282,"column":10}},"282":{"start":{"line":283,"column":0},"end":{"line":283,"column":27}},"283":{"start":{"line":284,"column":0},"end":{"line":284,"column":44}},"284":{"start":{"line":285,"column":0},"end":{"line":285,"column":26}},"285":{"start":{"line":286,"column":0},"end":{"line":286,"column":11}},"286":{"start":{"line":287,"column":0},"end":{"line":287,"column":11}},"287":{"start":{"line":288,"column":0},"end":{"line":288,"column":7}},"288":{"start":{"line":289,"column":0},"end":{"line":289,"column":3}},"291":{"start":{"line":292,"column":0},"end":{"line":292,"column":34}},"292":{"start":{"line":293,"column":0},"end":{"line":293,"column":36}},"293":{"start":{"line":294,"column":0},"end":{"line":294,"column":62}},"294":{"start":{"line":295,"column":0},"end":{"line":295,"column":51}},"296":{"start":{"line":297,"column":0},"end":{"line":297,"column":91}},"297":{"start":{"line":298,"column":0},"end":{"line":298,"column":50}},"298":{"start":{"line":299,"column":0},"end":{"line":299,"column":3}},"301":{"start":{"line":302,"column":0},"end":{"line":302,"column":47}},"302":{"start":{"line":303,"column":0},"end":{"line":303,"column":45}},"304":{"start":{"line":305,"column":0},"end":{"line":305,"column":30}},"305":{"start":{"line":306,"column":0},"end":{"line":306,"column":47}},"306":{"start":{"line":307,"column":0},"end":{"line":307,"column":97}},"309":{"start":{"line":310,"column":0},"end":{"line":310,"column":54}},"310":{"start":{"line":311,"column":0},"end":{"line":311,"column":47}},"311":{"start":{"line":312,"column":0},"end":{"line":312,"column":78}},"312":{"start":{"line":313,"column":0},"end":{"line":313,"column":7}},"314":{"start":{"line":315,"column":0},"end":{"line":315,"column":39}},"315":{"start":{"line":316,"column":0},"end":{"line":316,"column":45}},"316":{"start":{"line":317,"column":0},"end":{"line":317,"column":21}},"317":{"start":{"line":318,"column":0},"end":{"line":318,"column":47}},"318":{"start":{"line":319,"column":0},"end":{"line":319,"column":32}},"319":{"start":{"line":320,"column":0},"end":{"line":320,"column":10}},"320":{"start":{"line":321,"column":0},"end":{"line":321,"column":27}},"321":{"start":{"line":322,"column":0},"end":{"line":322,"column":32}},"322":{"start":{"line":323,"column":0},"end":{"line":323,"column":88}},"323":{"start":{"line":324,"column":0},"end":{"line":324,"column":43}},"324":{"start":{"line":325,"column":0},"end":{"line":325,"column":11}},"326":{"start":{"line":327,"column":0},"end":{"line":327,"column":35}},"327":{"start":{"line":328,"column":0},"end":{"line":328,"column":5}},"330":{"start":{"line":331,"column":0},"end":{"line":331,"column":38}},"333":{"start":{"line":334,"column":0},"end":{"line":334,"column":58}},"334":{"start":{"line":335,"column":0},"end":{"line":335,"column":31}},"335":{"start":{"line":336,"column":0},"end":{"line":336,"column":5}},"336":{"start":{"line":337,"column":0},"end":{"line":337,"column":3}},"339":{"start":{"line":340,"column":0},"end":{"line":340,"column":46}},"340":{"start":{"line":341,"column":0},"end":{"line":341,"column":43}},"342":{"start":{"line":343,"column":0},"end":{"line":343,"column":9}},"344":{"start":{"line":345,"column":0},"end":{"line":345,"column":75}},"345":{"start":{"line":346,"column":0},"end":{"line":346,"column":23}},"346":{"start":{"line":347,"column":0},"end":{"line":347,"column":56}},"347":{"start":{"line":348,"column":0},"end":{"line":348,"column":30}},"348":{"start":{"line":349,"column":0},"end":{"line":349,"column":54}},"349":{"start":{"line":350,"column":0},"end":{"line":350,"column":35}},"350":{"start":{"line":351,"column":0},"end":{"line":351,"column":42}},"351":{"start":{"line":352,"column":0},"end":{"line":352,"column":11}},"352":{"start":{"line":353,"column":0},"end":{"line":353,"column":9}},"353":{"start":{"line":354,"column":0},"end":{"line":354,"column":59}},"354":{"start":{"line":355,"column":0},"end":{"line":355,"column":31}},"355":{"start":{"line":356,"column":0},"end":{"line":356,"column":40}},"356":{"start":{"line":357,"column":0},"end":{"line":357,"column":21}},"357":{"start":{"line":358,"column":0},"end":{"line":358,"column":28}},"358":{"start":{"line":359,"column":0},"end":{"line":359,"column":68}},"359":{"start":{"line":360,"column":0},"end":{"line":360,"column":5}},"360":{"start":{"line":361,"column":0},"end":{"line":361,"column":3}},"363":{"start":{"line":364,"column":0},"end":{"line":364,"column":32}},"364":{"start":{"line":365,"column":0},"end":{"line":365,"column":58}},"366":{"start":{"line":367,"column":0},"end":{"line":367,"column":9}},"368":{"start":{"line":369,"column":0},"end":{"line":369,"column":57}},"370":{"start":{"line":371,"column":0},"end":{"line":371,"column":42}},"372":{"start":{"line":373,"column":0},"end":{"line":373,"column":48}},"374":{"start":{"line":375,"column":0},"end":{"line":375,"column":63}},"376":{"start":{"line":377,"column":0},"end":{"line":377,"column":30}},"378":{"start":{"line":379,"column":0},"end":{"line":379,"column":62}},"379":{"start":{"line":380,"column":0},"end":{"line":380,"column":35}},"380":{"start":{"line":381,"column":0},"end":{"line":381,"column":37}},"381":{"start":{"line":382,"column":0},"end":{"line":382,"column":32}},"382":{"start":{"line":383,"column":0},"end":{"line":383,"column":37}},"383":{"start":{"line":384,"column":0},"end":{"line":384,"column":13}},"384":{"start":{"line":385,"column":0},"end":{"line":385,"column":17}},"385":{"start":{"line":386,"column":0},"end":{"line":386,"column":9}},"387":{"start":{"line":388,"column":0},"end":{"line":388,"column":34}},"388":{"start":{"line":389,"column":0},"end":{"line":389,"column":14}},"390":{"start":{"line":391,"column":0},"end":{"line":391,"column":37}},"391":{"start":{"line":392,"column":0},"end":{"line":392,"column":7}},"392":{"start":{"line":393,"column":0},"end":{"line":393,"column":21}},"393":{"start":{"line":394,"column":0},"end":{"line":394,"column":28}},"394":{"start":{"line":395,"column":0},"end":{"line":395,"column":66}},"395":{"start":{"line":396,"column":0},"end":{"line":396,"column":5}},"396":{"start":{"line":397,"column":0},"end":{"line":397,"column":3}},"399":{"start":{"line":400,"column":0},"end":{"line":400,"column":50}},"400":{"start":{"line":401,"column":0},"end":{"line":401,"column":37}},"401":{"start":{"line":402,"column":0},"end":{"line":402,"column":61}},"402":{"start":{"line":403,"column":0},"end":{"line":403,"column":5}},"404":{"start":{"line":405,"column":0},"end":{"line":405,"column":30}},"406":{"start":{"line":407,"column":0},"end":{"line":407,"column":36}},"407":{"start":{"line":408,"column":0},"end":{"line":408,"column":63}},"408":{"start":{"line":409,"column":0},"end":{"line":409,"column":55}},"410":{"start":{"line":411,"column":0},"end":{"line":411,"column":9}},"411":{"start":{"line":412,"column":0},"end":{"line":412,"column":76}},"412":{"start":{"line":413,"column":0},"end":{"line":413,"column":23}},"413":{"start":{"line":414,"column":0},"end":{"line":414,"column":23}},"414":{"start":{"line":415,"column":0},"end":{"line":415,"column":9}},"415":{"start":{"line":416,"column":0},"end":{"line":416,"column":59}},"416":{"start":{"line":417,"column":0},"end":{"line":417,"column":31}},"417":{"start":{"line":418,"column":0},"end":{"line":418,"column":31}},"418":{"start":{"line":419,"column":0},"end":{"line":419,"column":37}},"419":{"start":{"line":420,"column":0},"end":{"line":420,"column":40}},"420":{"start":{"line":421,"column":0},"end":{"line":421,"column":21}},"421":{"start":{"line":422,"column":0},"end":{"line":422,"column":28}},"422":{"start":{"line":423,"column":0},"end":{"line":423,"column":68}},"423":{"start":{"line":424,"column":0},"end":{"line":424,"column":18}},"424":{"start":{"line":425,"column":0},"end":{"line":425,"column":5}},"425":{"start":{"line":426,"column":0},"end":{"line":426,"column":3}},"428":{"start":{"line":429,"column":0},"end":{"line":429,"column":17}},"429":{"start":{"line":430,"column":0},"end":{"line":430,"column":38}},"430":{"start":{"line":431,"column":0},"end":{"line":431,"column":72}},"431":{"start":{"line":432,"column":0},"end":{"line":432,"column":29}},"432":{"start":{"line":433,"column":0},"end":{"line":433,"column":5}},"433":{"start":{"line":434,"column":0},"end":{"line":434,"column":3}},"436":{"start":{"line":437,"column":0},"end":{"line":437,"column":18}},"437":{"start":{"line":438,"column":0},"end":{"line":438,"column":35}},"438":{"start":{"line":439,"column":0},"end":{"line":439,"column":19}},"439":{"start":{"line":440,"column":0},"end":{"line":440,"column":5}},"440":{"start":{"line":441,"column":0},"end":{"line":441,"column":3}},"443":{"start":{"line":444,"column":0},"end":{"line":444,"column":18}},"444":{"start":{"line":445,"column":0},"end":{"line":445,"column":17}},"445":{"start":{"line":446,"column":0},"end":{"line":446,"column":34}},"446":{"start":{"line":447,"column":0},"end":{"line":447,"column":21}},"447":{"start":{"line":448,"column":0},"end":{"line":448,"column":21}},"448":{"start":{"line":449,"column":0},"end":{"line":449,"column":21}},"449":{"start":{"line":450,"column":0},"end":{"line":450,"column":36}},"450":{"start":{"line":451,"column":0},"end":{"line":451,"column":27}},"451":{"start":{"line":452,"column":0},"end":{"line":452,"column":25}},"452":{"start":{"line":453,"column":0},"end":{"line":453,"column":3}},"455":{"start":{"line":456,"column":0},"end":{"line":456,"column":29}},"456":{"start":{"line":457,"column":0},"end":{"line":457,"column":23}},"457":{"start":{"line":458,"column":0},"end":{"line":458,"column":3}},"460":{"start":{"line":461,"column":0},"end":{"line":461,"column":25}},"461":{"start":{"line":462,"column":0},"end":{"line":462,"column":30}},"462":{"start":{"line":463,"column":0},"end":{"line":463,"column":3}},"463":{"start":{"line":464,"column":0},"end":{"line":464,"column":1}}},"s":{"1":1,"2":1,"3":1,"5":1,"6":3,"7":3,"8":3,"9":3,"10":3,"11":3,"12":3,"13":3,"15":3,"16":3,"17":3,"18":3,"19":3,"20":3,"21":3,"22":3,"23":3,"24":3,"25":3,"26":3,"27":3,"28":3,"29":3,"30":3,"31":3,"32":3,"34":3,"36":3,"37":3,"38":3,"39":3,"42":3,"43":3,"44":3,"45":3,"46":3,"47":3,"48":3,"49":3,"50":3,"51":3,"54":3,"55":3,"56":3,"64":3,"65":2,"66":2,"67":0,"68":0,"70":2,"72":2,"73":2,"74":2,"75":0,"76":0,"77":2,"78":2,"81":0,"82":0,"83":0,"84":0,"85":0,"86":0,"87":0,"88":0,"89":0,"90":0,"91":0,"92":2,"101":3,"102":2,"103":0,"104":0,"105":0,"106":0,"107":0,"108":0,"109":0,"110":0,"112":2,"114":2,"115":2,"116":0,"117":0,"119":0,"120":2,"121":2,"122":2,"123":2,"138":3,"139":1,"140":1,"141":1,"142":1,"143":1,"144":1,"147":3,"148":1,"150":1,"152":1,"155":1,"156":0,"157":0,"158":1,"160":1,"161":3,"162":3,"163":3,"164":3,"165":3,"167":3,"168":1,"169":1,"170":1,"171":3,"172":0,"173":0,"174":0,"175":0,"176":0,"177":0,"178":3,"180":1,"181":0,"182":0,"183":0,"184":1,"185":1,"188":3,"189":1,"190":1,"192":1,"193":1,"194":1,"195":1,"196":1,"197":1,"198":1,"199":1,"200":1,"201":1,"202":1,"204":1,"205":1,"208":3,"209":1,"211":1,"212":1,"214":1,"216":1,"217":1,"218":1,"219":1,"220":1,"222":1,"223":0,"224":1,"225":1,"226":1,"227":1,"228":1,"229":1,"230":1,"231":1,"232":1,"233":1,"234":1,"235":1,"236":1,"239":3,"240":1,"241":1,"242":0,"243":0,"244":0,"247":1,"248":1,"249":1,"250":1,"251":1,"253":1,"254":1,"255":1,"256":1,"258":1,"259":1,"260":1,"261":1,"262":1,"263":1,"264":1,"265":1,"266":1,"267":1,"268":1,"269":1,"270":1,"271":1,"272":1,"273":1,"274":1,"275":1,"276":1,"277":1,"278":1,"279":1,"280":0,"281":1,"282":1,"283":1,"284":1,"285":1,"286":1,"287":1,"288":1,"291":3,"292":1,"293":1,"294":1,"296":1,"297":1,"298":1,"301":3,"302":1,"304":1,"305":1,"306":1,"309":1,"310":1,"311":1,"312":1,"314":1,"315":1,"316":1,"317":0,"318":0,"319":1,"320":1,"321":1,"322":1,"323":1,"324":1,"326":1,"327":1,"330":1,"333":0,"334":0,"335":0,"336":1,"339":3,"340":0,"342":0,"344":0,"345":0,"346":0,"347":0,"348":0,"349":0,"350":0,"351":0,"352":0,"353":0,"354":0,"355":0,"356":0,"357":0,"358":0,"359":0,"360":0,"363":3,"364":1,"366":1,"368":1,"370":1,"372":1,"374":1,"376":1,"378":1,"379":0,"380":0,"381":0,"382":0,"383":0,"384":0,"385":0,"387":1,"388":0,"390":0,"391":0,"392":1,"393":1,"394":1,"395":1,"396":1,"399":3,"400":0,"401":0,"402":0,"404":0,"406":0,"407":0,"408":0,"410":0,"411":0,"412":0,"413":0,"414":0,"415":0,"416":0,"417":0,"418":0,"419":0,"420":0,"421":0,"422":0,"423":0,"424":0,"425":0,"428":3,"429":0,"430":0,"431":0,"432":0,"433":0,"436":3,"437":0,"438":0,"439":0,"440":0,"443":3,"444":0,"445":0,"446":0,"447":0,"448":0,"449":0,"450":0,"451":0,"452":0,"455":3,"456":0,"457":0,"460":3,"461":2,"462":2,"463":3},"branchMap":{"0":{"type":"branch","line":6,"loc":{"start":{"line":6,"column":22},"end":{"line":464,"column":1}},"locations":[{"start":{"line":6,"column":22},"end":{"line":464,"column":1}}]},"1":{"type":"branch","line":33,"loc":{"start":{"line":33,"column":2},"end":{"line":57,"column":3}},"locations":[{"start":{"line":33,"column":2},"end":{"line":57,"column":3}}]},"2":{"type":"branch","line":47,"loc":{"start":{"line":47,"column":18},"end":{"line":47,"column":27}},"locations":[{"start":{"line":47,"column":18},"end":{"line":47,"column":27}}]},"3":{"type":"branch","line":49,"loc":{"start":{"line":49,"column":15},"end":{"line":49,"column":24}},"locations":[{"start":{"line":49,"column":15},"end":{"line":49,"column":24}}]},"4":{"type":"branch","line":65,"loc":{"start":{"line":65,"column":10},"end":{"line":93,"column":3}},"locations":[{"start":{"line":65,"column":10},"end":{"line":93,"column":3}}]},"5":{"type":"branch","line":67,"loc":{"start":{"line":67,"column":20},"end":{"line":69,"column":5}},"locations":[{"start":{"line":67,"column":20},"end":{"line":69,"column":5}}]},"6":{"type":"branch","line":75,"loc":{"start":{"line":75,"column":36},"end":{"line":77,"column":7}},"locations":[{"start":{"line":75,"column":36},"end":{"line":77,"column":7}}]},"7":{"type":"branch","line":79,"loc":{"start":{"line":79,"column":4},"end":{"line":92,"column":29}},"locations":[{"start":{"line":79,"column":4},"end":{"line":92,"column":29}}]},"8":{"type":"branch","line":102,"loc":{"start":{"line":102,"column":2},"end":{"line":124,"column":3}},"locations":[{"start":{"line":102,"column":2},"end":{"line":124,"column":3}}]},"9":{"type":"branch","line":103,"loc":{"start":{"line":103,"column":22},"end":{"line":111,"column":5}},"locations":[{"start":{"line":103,"column":22},"end":{"line":111,"column":5}}]},"10":{"type":"branch","line":116,"loc":{"start":{"line":116,"column":10},"end":{"line":116,"column":67}},"locations":[{"start":{"line":116,"column":10},"end":{"line":116,"column":67}}]},"11":{"type":"branch","line":116,"loc":{"start":{"line":116,"column":67},"end":{"line":121,"column":13}},"locations":[{"start":{"line":116,"column":67},"end":{"line":121,"column":13}}]},"12":{"type":"branch","line":139,"loc":{"start":{"line":139,"column":2},"end":{"line":145,"column":3}},"locations":[{"start":{"line":139,"column":2},"end":{"line":145,"column":3}}]},"13":{"type":"branch","line":148,"loc":{"start":{"line":148,"column":2},"end":{"line":186,"column":3}},"locations":[{"start":{"line":148,"column":2},"end":{"line":186,"column":3}}]},"14":{"type":"branch","line":149,"loc":{"start":{"line":149,"column":23},"end":{"line":185,"column":5}},"locations":[{"start":{"line":149,"column":23},"end":{"line":185,"column":5}}]},"15":{"type":"branch","line":161,"loc":{"start":{"line":161,"column":25},"end":{"line":179,"column":8}},"locations":[{"start":{"line":161,"column":25},"end":{"line":179,"column":8}}]},"16":{"type":"branch","line":168,"loc":{"start":{"line":168,"column":25},"end":{"line":172,"column":19}},"locations":[{"start":{"line":168,"column":25},"end":{"line":172,"column":19}}]},"17":{"type":"branch","line":172,"loc":{"start":{"line":172,"column":8},"end":{"line":178,"column":9}},"locations":[{"start":{"line":172,"column":8},"end":{"line":178,"column":9}}]},"18":{"type":"branch","line":172,"loc":{"start":{"line":172,"column":33},"end":{"line":178,"column":9}},"locations":[{"start":{"line":172,"column":33},"end":{"line":178,"column":9}}]},"19":{"type":"branch","line":189,"loc":{"start":{"line":189,"column":10},"end":{"line":206,"column":3}},"locations":[{"start":{"line":189,"column":10},"end":{"line":206,"column":3}}]},"20":{"type":"branch","line":209,"loc":{"start":{"line":209,"column":2},"end":{"line":237,"column":3}},"locations":[{"start":{"line":209,"column":2},"end":{"line":237,"column":3}}]},"21":{"type":"branch","line":210,"loc":{"start":{"line":210,"column":36},"end":{"line":210,"column":53}},"locations":[{"start":{"line":210,"column":36},"end":{"line":210,"column":53}}]},"22":{"type":"branch","line":223,"loc":{"start":{"line":223,"column":17},"end":{"line":225,"column":13}},"locations":[{"start":{"line":223,"column":17},"end":{"line":225,"column":13}}]},"23":{"type":"branch","line":226,"loc":{"start":{"line":226,"column":54},"end":{"line":226,"column":78}},"locations":[{"start":{"line":226,"column":54},"end":{"line":226,"column":78}}]},"24":{"type":"branch","line":232,"loc":{"start":{"line":232,"column":32},"end":{"line":232,"column":51}},"locations":[{"start":{"line":232,"column":32},"end":{"line":232,"column":51}}]},"25":{"type":"branch","line":234,"loc":{"start":{"line":234,"column":4},"end":{"line":234,"column":6}},"locations":[{"start":{"line":234,"column":4},"end":{"line":234,"column":6}}]},"26":{"type":"branch","line":240,"loc":{"start":{"line":240,"column":2},"end":{"line":289,"column":3}},"locations":[{"start":{"line":240,"column":2},"end":{"line":289,"column":3}}]},"27":{"type":"branch","line":241,"loc":{"start":{"line":241,"column":23},"end":{"line":288,"column":5}},"locations":[{"start":{"line":241,"column":23},"end":{"line":288,"column":5}}]},"28":{"type":"branch","line":242,"loc":{"start":{"line":242,"column":38},"end":{"line":245,"column":7}},"locations":[{"start":{"line":242,"column":38},"end":{"line":245,"column":7}}]},"29":{"type":"branch","line":269,"loc":{"start":{"line":269,"column":14},"end":{"line":271,"column":9}},"locations":[{"start":{"line":269,"column":14},"end":{"line":271,"column":9}}]},"30":{"type":"branch","line":272,"loc":{"start":{"line":272,"column":15},"end":{"line":276,"column":9}},"locations":[{"start":{"line":272,"column":15},"end":{"line":276,"column":9}}]},"31":{"type":"branch","line":277,"loc":{"start":{"line":277,"column":17},"end":{"line":279,"column":9}},"locations":[{"start":{"line":277,"column":17},"end":{"line":279,"column":9}}]},"32":{"type":"branch","line":283,"loc":{"start":{"line":283,"column":15},"end":{"line":287,"column":9}},"locations":[{"start":{"line":283,"column":15},"end":{"line":287,"column":9}}]},"33":{"type":"branch","line":292,"loc":{"start":{"line":292,"column":10},"end":{"line":299,"column":3}},"locations":[{"start":{"line":292,"column":10},"end":{"line":299,"column":3}}]},"34":{"type":"branch","line":297,"loc":{"start":{"line":297,"column":85},"end":{"line":297,"column":91}},"locations":[{"start":{"line":297,"column":85},"end":{"line":297,"column":91}}]},"35":{"type":"branch","line":294,"loc":{"start":{"line":294,"column":14},"end":{"line":294,"column":61}},"locations":[{"start":{"line":294,"column":14},"end":{"line":294,"column":61}}]},"36":{"type":"branch","line":302,"loc":{"start":{"line":302,"column":2},"end":{"line":337,"column":3}},"locations":[{"start":{"line":302,"column":2},"end":{"line":337,"column":3}}]},"37":{"type":"branch","line":303,"loc":{"start":{"line":303,"column":20},"end":{"line":303,"column":45}},"locations":[{"start":{"line":303,"column":20},"end":{"line":303,"column":45}}]},"38":{"type":"branch","line":331,"loc":{"start":{"line":331,"column":36},"end":{"line":336,"column":5}},"locations":[{"start":{"line":331,"column":36},"end":{"line":336,"column":5}}]},"39":{"type":"branch","line":307,"loc":{"start":{"line":307,"column":47},"end":{"line":307,"column":95}},"locations":[{"start":{"line":307,"column":47},"end":{"line":307,"column":95}}]},"40":{"type":"branch","line":321,"loc":{"start":{"line":321,"column":15},"end":{"line":325,"column":9}},"locations":[{"start":{"line":321,"column":15},"end":{"line":325,"column":9}}]},"41":{"type":"branch","line":364,"loc":{"start":{"line":364,"column":2},"end":{"line":397,"column":3}},"locations":[{"start":{"line":364,"column":2},"end":{"line":397,"column":3}}]},"42":{"type":"branch","line":365,"loc":{"start":{"line":365,"column":51},"end":{"line":365,"column":58}},"locations":[{"start":{"line":365,"column":51},"end":{"line":365,"column":58}}]},"43":{"type":"branch","line":379,"loc":{"start":{"line":379,"column":61},"end":{"line":386,"column":9}},"locations":[{"start":{"line":379,"column":61},"end":{"line":386,"column":9}}]},"44":{"type":"branch","line":388,"loc":{"start":{"line":388,"column":32},"end":{"line":392,"column":7}},"locations":[{"start":{"line":388,"column":32},"end":{"line":392,"column":7}}]},"45":{"type":"branch","line":461,"loc":{"start":{"line":461,"column":2},"end":{"line":463,"column":3}},"locations":[{"start":{"line":461,"column":2},"end":{"line":463,"column":3}}]}},"b":{"0":[3],"1":[3],"2":[1],"3":[3],"4":[2],"5":[0],"6":[0],"7":[0],"8":[2],"9":[0],"10":[0],"11":[0],"12":[1],"13":[1],"14":[1],"15":[3],"16":[1],"17":[2],"18":[0],"19":[1],"20":[1],"21":[0],"22":[0],"23":[0],"24":[0],"25":[0],"26":[1],"27":[1],"28":[0],"29":[1],"30":[1],"31":[1],"32":[1],"33":[1],"34":[0],"35":[1],"36":[1],"37":[0],"38":[0],"39":[1],"40":[1],"41":[1],"42":[0],"43":[0],"44":[0],"45":[2]},"fnMap":{"0":{"name":"<instance_members_initializer>","decl":{"start":{"line":6,"column":22},"end":{"line":464,"column":1}},"loc":{"start":{"line":6,"column":22},"end":{"line":464,"column":1}},"line":6},"1":{"name":"validate","decl":{"start":{"line":19,"column":16},"end":{"line":19,"column":63}},"loc":{"start":{"line":19,"column":16},"end":{"line":19,"column":63}},"line":19},"2":{"name":"validate","decl":{"start":{"line":24,"column":16},"end":{"line":24,"column":64}},"loc":{"start":{"line":24,"column":16},"end":{"line":24,"column":64}},"line":24},"3":{"name":"validate","decl":{"start":{"line":29,"column":16},"end":{"line":29,"column":86}},"loc":{"start":{"line":29,"column":16},"end":{"line":29,"column":86}},"line":29},"4":{"name":"Uploader","decl":{"start":{"line":33,"column":2},"end":{"line":57,"column":3}},"loc":{"start":{"line":33,"column":2},"end":{"line":57,"column":3}},"line":33},"5":{"name":"onProgress","decl":{"start":{"line":47,"column":18},"end":{"line":47,"column":27}},"loc":{"start":{"line":47,"column":18},"end":{"line":47,"column":27}},"line":47},"6":{"name":"onComplete","decl":{"start":{"line":48,"column":18},"end":{"line":48,"column":27}},"loc":{"start":{"line":48,"column":18},"end":{"line":48,"column":27}},"line":48},"7":{"name":"onError","decl":{"start":{"line":49,"column":15},"end":{"line":49,"column":24}},"loc":{"start":{"line":49,"column":15},"end":{"line":49,"column":24}},"line":49},"8":{"name":"onHashProgress","decl":{"start":{"line":50,"column":22},"end":{"line":50,"column":31}},"loc":{"start":{"line":50,"column":22},"end":{"line":50,"column":31}},"line":50},"9":{"name":"getResolvedUrl","decl":{"start":{"line":65,"column":10},"end":{"line":93,"column":3}},"loc":{"start":{"line":65,"column":10},"end":{"line":93,"column":3}},"line":65},"10":{"name":"validateResponse","decl":{"start":{"line":102,"column":2},"end":{"line":124,"column":3}},"loc":{"start":{"line":102,"column":2},"end":{"line":124,"column":3}},"line":102},"11":{"name":"setFile","decl":{"start":{"line":139,"column":2},"end":{"line":145,"column":3}},"loc":{"start":{"line":139,"column":2},"end":{"line":145,"column":3}},"line":139},"12":{"name":"generateFileId","decl":{"start":{"line":148,"column":2},"end":{"line":186,"column":3}},"loc":{"start":{"line":148,"column":2},"end":{"line":186,"column":3}},"line":148},"13":{"name":"worker.onmessage","decl":{"start":{"line":161,"column":25},"end":{"line":179,"column":8}},"loc":{"start":{"line":161,"column":25},"end":{"line":179,"column":8}},"line":161},"14":{"name":"worker.onerror","decl":{"start":{"line":181,"column":23},"end":{"line":184,"column":8}},"loc":{"start":{"line":181,"column":23},"end":{"line":184,"column":8}},"line":181},"15":{"name":"splitFile","decl":{"start":{"line":189,"column":10},"end":{"line":206,"column":3}},"loc":{"start":{"line":189,"column":10},"end":{"line":206,"column":3}},"line":189},"16":{"name":"checkUploadedChunks","decl":{"start":{"line":209,"column":2},"end":{"line":237,"column":3}},"loc":{"start":{"line":209,"column":2},"end":{"line":237,"column":3}},"line":209},"17":{"name":"uploadChunk","decl":{"start":{"line":240,"column":2},"end":{"line":289,"column":3}},"loc":{"start":{"line":240,"column":2},"end":{"line":289,"column":3}},"line":240},"18":{"name":"updateProgress","decl":{"start":{"line":292,"column":10},"end":{"line":299,"column":3}},"loc":{"start":{"line":292,"column":10},"end":{"line":299,"column":3}},"line":292},"19":{"name":"uploadChunks","decl":{"start":{"line":302,"column":2},"end":{"line":337,"column":3}},"loc":{"start":{"line":302,"column":2},"end":{"line":337,"column":3}},"line":302},"20":{"name":"mergeChunks","decl":{"start":{"line":340,"column":2},"end":{"line":361,"column":3}},"loc":{"start":{"line":340,"column":2},"end":{"line":361,"column":3}},"line":340},"21":{"name":"start","decl":{"start":{"line":364,"column":2},"end":{"line":397,"column":3}},"loc":{"start":{"line":364,"column":2},"end":{"line":397,"column":3}},"line":364},"22":{"name":"uploadWholeFile","decl":{"start":{"line":400,"column":2},"end":{"line":426,"column":3}},"loc":{"start":{"line":400,"column":2},"end":{"line":426,"column":3}},"line":400},"23":{"name":"pause","decl":{"start":{"line":429,"column":2},"end":{"line":434,"column":3}},"loc":{"start":{"line":429,"column":2},"end":{"line":434,"column":3}},"line":429},"24":{"name":"resume","decl":{"start":{"line":437,"column":2},"end":{"line":441,"column":3}},"loc":{"start":{"line":437,"column":2},"end":{"line":441,"column":3}},"line":437},"25":{"name":"cancel","decl":{"start":{"line":444,"column":2},"end":{"line":453,"column":3}},"loc":{"start":{"line":444,"column":2},"end":{"line":453,"column":3}},"line":444},"26":{"name":"getStatus","decl":{"start":{"line":456,"column":2},"end":{"line":458,"column":3}},"loc":{"start":{"line":456,"column":2},"end":{"line":458,"column":3}},"line":456},"27":{"name":"getProgress","decl":{"start":{"line":461,"column":2},"end":{"line":463,"column":3}},"loc":{"start":{"line":461,"column":2},"end":{"line":463,"column":3}},"line":461}},"f":{"0":3,"1":0,"2":0,"3":0,"4":3,"5":1,"6":0,"7":3,"8":0,"9":2,"10":2,"11":1,"12":1,"13":3,"14":0,"15":1,"16":1,"17":1,"18":1,"19":1,"20":0,"21":1,"22":0,"23":0,"24":0,"25":0,"26":0,"27":2}}
,"C:\\Users\\杨斌\\Desktop\\upload-file-plugin\\src\\plugin.ts": {"path":"C:\\Users\\杨斌\\Desktop\\upload-file-plugin\\src\\plugin.ts","all":true,"statementMap":{"0":{"start":{"line":1,"column":0},"end":{"line":1,"column":48}},"1":{"start":{"line":2,"column":0},"end":{"line":2,"column":38}},"2":{"start":{"line":3,"column":0},"end":{"line":3,"column":68}},"3":{"start":{"line":4,"column":0},"end":{"line":4,"column":0}},"4":{"start":{"line":5,"column":0},"end":{"line":5,"column":3}},"5":{"start":{"line":6,"column":0},"end":{"line":6,"column":10}},"6":{"start":{"line":7,"column":0},"end":{"line":7,"column":3}},"7":{"start":{"line":8,"column":0},"end":{"line":8,"column":98}},"8":{"start":{"line":9,"column":0},"end":{"line":9,"column":0}},"9":{"start":{"line":10,"column":0},"end":{"line":10,"column":3}},"10":{"start":{"line":11,"column":0},"end":{"line":11,"column":11}},"11":{"start":{"line":12,"column":0},"end":{"line":12,"column":17}},"12":{"start":{"line":13,"column":0},"end":{"line":13,"column":3}},"13":{"start":{"line":14,"column":0},"end":{"line":14,"column":31}},"14":{"start":{"line":15,"column":0},"end":{"line":15,"column":5}},"15":{"start":{"line":16,"column":0},"end":{"line":16,"column":9}},"16":{"start":{"line":17,"column":0},"end":{"line":17,"column":26}},"17":{"start":{"line":18,"column":0},"end":{"line":18,"column":28}},"18":{"start":{"line":19,"column":0},"end":{"line":19,"column":5}},"19":{"start":{"line":20,"column":0},"end":{"line":20,"column":65}},"20":{"start":{"line":21,"column":0},"end":{"line":21,"column":96}},"21":{"start":{"line":22,"column":0},"end":{"line":22,"column":70}},"22":{"start":{"line":23,"column":0},"end":{"line":23,"column":13}},"23":{"start":{"line":24,"column":0},"end":{"line":24,"column":5}},"24":{"start":{"line":25,"column":0},"end":{"line":25,"column":0}},"25":{"start":{"line":26,"column":0},"end":{"line":26,"column":9}},"26":{"start":{"line":27,"column":0},"end":{"line":27,"column":72}},"27":{"start":{"line":28,"column":0},"end":{"line":28,"column":79}},"28":{"start":{"line":29,"column":0},"end":{"line":29,"column":0}},"29":{"start":{"line":30,"column":0},"end":{"line":30,"column":15}},"30":{"start":{"line":31,"column":0},"end":{"line":31,"column":63}},"31":{"start":{"line":32,"column":0},"end":{"line":32,"column":15}},"32":{"start":{"line":33,"column":0},"end":{"line":33,"column":47}},"33":{"start":{"line":34,"column":0},"end":{"line":34,"column":13}},"34":{"start":{"line":35,"column":0},"end":{"line":35,"column":58}},"35":{"start":{"line":36,"column":0},"end":{"line":36,"column":5}},"36":{"start":{"line":37,"column":0},"end":{"line":37,"column":4}},"37":{"start":{"line":38,"column":0},"end":{"line":38,"column":19}},"38":{"start":{"line":39,"column":0},"end":{"line":39,"column":2}},"39":{"start":{"line":40,"column":0},"end":{"line":40,"column":0}},"40":{"start":{"line":41,"column":0},"end":{"line":41,"column":3}},"41":{"start":{"line":42,"column":0},"end":{"line":42,"column":17}},"42":{"start":{"line":43,"column":0},"end":{"line":43,"column":26}},"43":{"start":{"line":44,"column":0},"end":{"line":44,"column":16}},"44":{"start":{"line":45,"column":0},"end":{"line":45,"column":3}},"45":{"start":{"line":46,"column":0},"end":{"line":46,"column":63}},"46":{"start":{"line":47,"column":0},"end":{"line":47,"column":45}},"47":{"start":{"line":48,"column":0},"end":{"line":48,"column":24}},"48":{"start":{"line":49,"column":0},"end":{"line":49,"column":61}},"49":{"start":{"line":50,"column":0},"end":{"line":50,"column":3}},"50":{"start":{"line":51,"column":0},"end":{"line":51,"column":33}},"51":{"start":{"line":52,"column":0},"end":{"line":52,"column":1}},"52":{"start":{"line":53,"column":0},"end":{"line":53,"column":0}},"53":{"start":{"line":54,"column":0},"end":{"line":54,"column":30}}},"s":{"0":0,"1":0,"2":0,"3":0,"4":0,"5":0,"6":0,"7":0,"8":0,"9":0,"10":0,"11":0,"12":0,"13":0,"14":0,"15":0,"16":0,"17":0,"18":0,"19":0,"20":0,"21":0,"22":0,"23":0,"24":0,"25":0,"26":0,"27":0,"28":0,"29":0,"30":0,"31":0,"32":0,"33":0,"34":0,"35":0,"36":0,"37":0,"38":0,"39":0,"40":0,"41":0,"42":0,"43":0,"44":0,"45":0,"46":0,"47":0,"48":0,"49":0,"50":0,"51":0,"52":0,"53":0},"branchMap":{"0":{"type":"branch","line":1,"loc":{"start":{"line":1,"column":0},"end":{"line":54,"column":30}},"locations":[{"start":{"line":1,"column":0},"end":{"line":54,"column":30}}]}},"b":{"0":[0]},"fnMap":{"0":{"name":"(empty-report)","decl":{"start":{"line":1,"column":0},"end":{"line":54,"column":30}},"loc":{"start":{"line":1,"column":0},"end":{"line":54,"column":30}},"line":1}},"f":{"0":0}}
,"C:\\Users\\杨斌\\Desktop\\upload-file-plugin\\src\\types.ts": {"path":"C:\\Users\\杨斌\\Desktop\\upload-file-plugin\\src\\types.ts","all":true,"statementMap":{"0":{"start":{"line":1,"column":0},"end":{"line":1,"column":92}},"1":{"start":{"line":2,"column":0},"end":{"line":2,"column":0}},"2":{"start":{"line":3,"column":0},"end":{"line":3,"column":24}},"3":{"start":{"line":4,"column":0},"end":{"line":4,"column":16}},"4":{"start":{"line":5,"column":0},"end":{"line":5,"column":16}},"5":{"start":{"line":6,"column":0},"end":{"line":6,"column":14}},"6":{"start":{"line":7,"column":0},"end":{"line":7,"column":15}},"7":{"start":{"line":8,"column":0},"end":{"line":8,"column":13}},"8":{"start":{"line":9,"column":0},"end":{"line":9,"column":1}},"9":{"start":{"line":10,"column":0},"end":{"line":10,"column":0}},"10":{"start":{"line":11,"column":0},"end":{"line":11,"column":3}},"11":{"start":{"line":12,"column":0},"end":{"line":12,"column":11}},"12":{"start":{"line":13,"column":0},"end":{"line":13,"column":27}},"13":{"start":{"line":14,"column":0},"end":{"line":14,"column":62}},"14":{"start":{"line":15,"column":0},"end":{"line":15,"column":68}},"15":{"start":{"line":16,"column":0},"end":{"line":16,"column":59}},"16":{"start":{"line":17,"column":0},"end":{"line":17,"column":53}},"17":{"start":{"line":18,"column":0},"end":{"line":18,"column":56}},"18":{"start":{"line":19,"column":0},"end":{"line":19,"column":77}},"19":{"start":{"line":20,"column":0},"end":{"line":20,"column":63}},"20":{"start":{"line":21,"column":0},"end":{"line":21,"column":74}},"21":{"start":{"line":22,"column":0},"end":{"line":22,"column":11}},"22":{"start":{"line":23,"column":0},"end":{"line":23,"column":12}},"23":{"start":{"line":24,"column":0},"end":{"line":24,"column":35}},"24":{"start":{"line":25,"column":0},"end":{"line":25,"column":41}},"25":{"start":{"line":26,"column":0},"end":{"line":26,"column":55}},"26":{"start":{"line":27,"column":0},"end":{"line":27,"column":41}},"27":{"start":{"line":28,"column":0},"end":{"line":28,"column":20}},"28":{"start":{"line":29,"column":0},"end":{"line":29,"column":52}},"29":{"start":{"line":30,"column":0},"end":{"line":30,"column":48}},"30":{"start":{"line":31,"column":0},"end":{"line":31,"column":4}},"31":{"start":{"line":32,"column":0},"end":{"line":32,"column":11}},"32":{"start":{"line":33,"column":0},"end":{"line":33,"column":16}},"33":{"start":{"line":34,"column":0},"end":{"line":34,"column":35}},"34":{"start":{"line":35,"column":0},"end":{"line":35,"column":17}},"35":{"start":{"line":36,"column":0},"end":{"line":36,"column":54}},"36":{"start":{"line":37,"column":0},"end":{"line":37,"column":53}},"37":{"start":{"line":38,"column":0},"end":{"line":38,"column":52}},"38":{"start":{"line":39,"column":0},"end":{"line":39,"column":6}},"39":{"start":{"line":40,"column":0},"end":{"line":40,"column":4}},"40":{"start":{"line":41,"column":0},"end":{"line":41,"column":3}},"41":{"start":{"line":42,"column":0},"end":{"line":42,"column":3}},"42":{"start":{"line":43,"column":0},"end":{"line":43,"column":14}},"43":{"start":{"line":44,"column":0},"end":{"line":44,"column":29}},"44":{"start":{"line":45,"column":0},"end":{"line":45,"column":40}},"45":{"start":{"line":46,"column":0},"end":{"line":46,"column":39}},"46":{"start":{"line":47,"column":0},"end":{"line":47,"column":39}},"47":{"start":{"line":48,"column":0},"end":{"line":48,"column":3}},"48":{"start":{"line":49,"column":0},"end":{"line":49,"column":34}},"49":{"start":{"line":50,"column":0},"end":{"line":50,"column":17}},"50":{"start":{"line":51,"column":0},"end":{"line":51,"column":16}},"51":{"start":{"line":52,"column":0},"end":{"line":52,"column":16}},"52":{"start":{"line":53,"column":0},"end":{"line":53,"column":1}},"53":{"start":{"line":54,"column":0},"end":{"line":54,"column":0}},"54":{"start":{"line":55,"column":0},"end":{"line":55,"column":32}},"55":{"start":{"line":56,"column":0},"end":{"line":56,"column":5}},"56":{"start":{"line":57,"column":0},"end":{"line":57,"column":17}},"57":{"start":{"line":58,"column":0},"end":{"line":58,"column":22}},"58":{"start":{"line":59,"column":0},"end":{"line":59,"column":5}},"59":{"start":{"line":60,"column":0},"end":{"line":60,"column":27}},"60":{"start":{"line":61,"column":0},"end":{"line":61,"column":29}},"61":{"start":{"line":62,"column":0},"end":{"line":62,"column":5}},"62":{"start":{"line":63,"column":0},"end":{"line":63,"column":13}},"63":{"start":{"line":64,"column":0},"end":{"line":64,"column":31}},"64":{"start":{"line":65,"column":0},"end":{"line":65,"column":24}},"65":{"start":{"line":66,"column":0},"end":{"line":66,"column":22}},"66":{"start":{"line":67,"column":0},"end":{"line":67,"column":5}},"67":{"start":{"line":68,"column":0},"end":{"line":68,"column":21}},"68":{"start":{"line":69,"column":0},"end":{"line":69,"column":5}},"69":{"start":{"line":70,"column":0},"end":{"line":70,"column":14}},"70":{"start":{"line":71,"column":0},"end":{"line":71,"column":43}},"71":{"start":{"line":72,"column":0},"end":{"line":72,"column":25}},"72":{"start":{"line":73,"column":0},"end":{"line":73,"column":57}},"73":{"start":{"line":74,"column":0},"end":{"line":74,"column":5}},"74":{"start":{"line":75,"column":0},"end":{"line":75,"column":43}},"75":{"start":{"line":76,"column":0},"end":{"line":76,"column":5}},"76":{"start":{"line":77,"column":0},"end":{"line":77,"column":15}},"77":{"start":{"line":78,"column":0},"end":{"line":78,"column":28}},"78":{"start":{"line":79,"column":0},"end":{"line":79,"column":15}},"79":{"start":{"line":80,"column":0},"end":{"line":80,"column":22}},"80":{"start":{"line":81,"column":0},"end":{"line":81,"column":5}},"81":{"start":{"line":82,"column":0},"end":{"line":82,"column":19}},"82":{"start":{"line":83,"column":0},"end":{"line":83,"column":5}},"83":{"start":{"line":84,"column":0},"end":{"line":84,"column":11}},"84":{"start":{"line":85,"column":0},"end":{"line":85,"column":15}},"85":{"start":{"line":86,"column":0},"end":{"line":86,"column":15}},"86":{"start":{"line":87,"column":0},"end":{"line":87,"column":16}},"87":{"start":{"line":88,"column":0},"end":{"line":88,"column":22}},"88":{"start":{"line":89,"column":0},"end":{"line":89,"column":5}},"89":{"start":{"line":90,"column":0},"end":{"line":90,"column":55}},"90":{"start":{"line":91,"column":0},"end":{"line":91,"column":5}},"91":{"start":{"line":92,"column":0},"end":{"line":92,"column":17}},"92":{"start":{"line":93,"column":0},"end":{"line":93,"column":18}},"93":{"start":{"line":94,"column":0},"end":{"line":94,"column":18}},"94":{"start":{"line":95,"column":0},"end":{"line":95,"column":5}},"95":{"start":{"line":96,"column":0},"end":{"line":96,"column":24}},"96":{"start":{"line":97,"column":0},"end":{"line":97,"column":5}},"97":{"start":{"line":98,"column":0},"end":{"line":98,"column":13}},"98":{"start":{"line":99,"column":0},"end":{"line":99,"column":44}},"99":{"start":{"line":100,"column":0},"end":{"line":100,"column":5}},"100":{"start":{"line":101,"column":0},"end":{"line":101,"column":12}},"101":{"start":{"line":102,"column":0},"end":{"line":102,"column":12}},"102":{"start":{"line":103,"column":0},"end":{"line":103,"column":7}},"103":{"start":{"line":104,"column":0},"end":{"line":104,"column":23}},"104":{"start":{"line":105,"column":0},"end":{"line":105,"column":22}},"105":{"start":{"line":106,"column":0},"end":{"line":106,"column":22}},"106":{"start":{"line":107,"column":0},"end":{"line":107,"column":8}},"107":{"start":{"line":108,"column":0},"end":{"line":108,"column":17}},"108":{"start":{"line":109,"column":0},"end":{"line":109,"column":42}},"109":{"start":{"line":110,"column":0},"end":{"line":110,"column":19}},"110":{"start":{"line":111,"column":0},"end":{"line":111,"column":46}},"111":{"start":{"line":112,"column":0},"end":{"line":112,"column":17}},"112":{"start":{"line":113,"column":0},"end":{"line":113,"column":41}},"113":{"start":{"line":114,"column":0},"end":{"line":114,"column":17}},"114":{"start":{"line":115,"column":0},"end":{"line":115,"column":36}},"115":{"start":{"line":116,"column":0},"end":{"line":116,"column":1}},"116":{"start":{"line":117,"column":0},"end":{"line":117,"column":0}},"117":{"start":{"line":118,"column":0},"end":{"line":118,"column":35}},"118":{"start":{"line":119,"column":0},"end":{"line":119,"column":17}},"119":{"start":{"line":120,"column":0},"end":{"line":120,"column":35}},"120":{"start":{"line":121,"column":0},"end":{"line":121,"column":13}},"121":{"start":{"line":122,"column":0},"end":{"line":122,"column":29}},"122":{"start":{"line":123,"column":0},"end":{"line":123,"column":13}},"123":{"start":{"line":124,"column":0},"end":{"line":124,"column":20}},"124":{"start":{"line":125,"column":0},"end":{"line":125,"column":13}},"125":{"start":{"line":126,"column":0},"end":{"line":126,"column":21}},"126":{"start":{"line":127,"column":0},"end":{"line":127,"column":13}},"127":{"start":{"line":128,"column":0},"end":{"line":128,"column":21}},"128":{"start":{"line":129,"column":0},"end":{"line":129,"column":17}},"129":{"start":{"line":130,"column":0},"end":{"line":130,"column":32}},"130":{"start":{"line":131,"column":0},"end":{"line":131,"column":25}},"131":{"start":{"line":132,"column":0},"end":{"line":132,"column":28}},"132":{"start":{"line":133,"column":0},"end":{"line":133,"column":1}},"133":{"start":{"line":134,"column":0},"end":{"line":134,"column":0}},"134":{"start":{"line":135,"column":0},"end":{"line":135,"column":40}},"135":{"start":{"line":136,"column":0},"end":{"line":136,"column":34}},"136":{"start":{"line":137,"column":0},"end":{"line":137,"column":28}},"137":{"start":{"line":138,"column":0},"end":{"line":138,"column":1}}},"s":{"0":0,"1":0,"2":0,"3":0,"4":0,"5":0,"6":0,"7":0,"8":0,"9":0,"10":0,"11":0,"12":0,"13":0,"14":0,"15":0,"16":0,"17":0,"18":0,"19":0,"20":0,"21":0,"22":0,"23":0,"24":0,"25":0,"26":0,"27":0,"28":0,"29":0,"30":0,"31":0,"32":0,"33":0,"34":0,"35":0,"36":0,"37":0,"38":0,"39":0,"40":0,"41":0,"42":0,"43":0,"44":0,"45":0,"46":0,"47":0,"48":0,"49":0,"50":0,"51":0,"52":0,"53":0,"54":0,"55":0,"56":0,"57":0,"58":0,"59":0,"60":0,"61":0,"62":0,"63":0,"64":0,"65":0,"66":0,"67":0,"68":0,"69":0,"70":0,"71":0,"72":0,"73":0,"74":0,"75":0,"76":0,"77":0,"78":0,"79":0,"80":0,"81":0,"82":0,"83":0,"84":0,"85":0,"86":0,"87":0,"88":0,"89":0,"90":0,"91":0,"92":0,"93":0,"94":0,"95":0,"96":0,"97":0,"98":0,"99":0,"100":0,"101":0,"102":0,"103":0,"104":0,"105":0,"106":0,"107":0,"108":0,"109":0,"110":0,"111":0,"112":0,"113":0,"114":0,"115":0,"116":0,"117":0,"118":0,"119":0,"120":0,"121":0,"122":0,"123":0,"124":0,"125":0,"126":0,"127":0,"128":0,"129":0,"130":0,"131":0,"132":0,"133":0,"134":0,"135":0,"136":0,"137":0},"branchMap":{"0":{"type":"branch","line":1,"loc":{"start":{"line":1,"column":0},"end":{"line":138,"column":1}},"locations":[{"start":{"line":1,"column":0},"end":{"line":138,"column":1}}]}},"b":{"0":[0]},"fnMap":{"0":{"name":"(empty-report)","decl":{"start":{"line":1,"column":0},"end":{"line":138,"column":1}},"loc":{"start":{"line":1,"column":0},"end":{"line":138,"column":1}},"line":1}},"f":{"0":0}}
,"C:\\Users\\杨斌\\Desktop\\upload-file-plugin\\src\\utils\\errors.ts": {"path":"C:\\Users\\杨斌\\Desktop\\upload-file-plugin\\src\\utils\\errors.ts","all":false,"statementMap":{"7":{"start":{"line":8,"column":0},"end":{"line":8,"column":38}},"8":{"start":{"line":9,"column":0},"end":{"line":9,"column":17}},"9":{"start":{"line":10,"column":0},"end":{"line":10,"column":14}},"10":{"start":{"line":11,"column":0},"end":{"line":11,"column":19}},"19":{"start":{"line":20,"column":0},"end":{"line":20,"column":79}},"20":{"start":{"line":21,"column":0},"end":{"line":21,"column":19}},"21":{"start":{"line":22,"column":0},"end":{"line":22,"column":28}},"22":{"start":{"line":23,"column":0},"end":{"line":23,"column":25}},"23":{"start":{"line":24,"column":0},"end":{"line":24,"column":19}},"24":{"start":{"line":25,"column":0},"end":{"line":25,"column":27}},"27":{"start":{"line":28,"column":0},"end":{"line":28,"column":53}},"28":{"start":{"line":29,"column":0},"end":{"line":29,"column":3}},"29":{"start":{"line":30,"column":0},"end":{"line":30,"column":1}},"37":{"start":{"line":38,"column":0},"end":{"line":38,"column":40}},"38":{"start":{"line":39,"column":0},"end":{"line":39,"column":15}},"39":{"start":{"line":40,"column":0},"end":{"line":40,"column":20}},"47":{"start":{"line":48,"column":0},"end":{"line":48,"column":72}},"48":{"start":{"line":49,"column":0},"end":{"line":49,"column":19}},"49":{"start":{"line":50,"column":0},"end":{"line":50,"column":30}},"50":{"start":{"line":51,"column":0},"end":{"line":51,"column":21}},"51":{"start":{"line":52,"column":0},"end":{"line":52,"column":21}},"53":{"start":{"line":54,"column":0},"end":{"line":54,"column":55}},"54":{"start":{"line":55,"column":0},"end":{"line":55,"column":3}},"55":{"start":{"line":56,"column":0},"end":{"line":56,"column":1}},"62":{"start":{"line":63,"column":0},"end":{"line":63,"column":44}},"63":{"start":{"line":64,"column":0},"end":{"line":64,"column":14}},"70":{"start":{"line":71,"column":0},"end":{"line":71,"column":45}},"71":{"start":{"line":72,"column":0},"end":{"line":72,"column":19}},"72":{"start":{"line":73,"column":0},"end":{"line":73,"column":34}},"73":{"start":{"line":74,"column":0},"end":{"line":74,"column":19}},"74":{"start":{"line":75,"column":0},"end":{"line":75,"column":59}},"75":{"start":{"line":76,"column":0},"end":{"line":76,"column":3}},"76":{"start":{"line":77,"column":0},"end":{"line":77,"column":1}},"84":{"start":{"line":85,"column":0},"end":{"line":85,"column":44}},"85":{"start":{"line":86,"column":0},"end":{"line":86,"column":16}},"86":{"start":{"line":87,"column":0},"end":{"line":87,"column":17}},"94":{"start":{"line":95,"column":0},"end":{"line":95,"column":63}},"95":{"start":{"line":96,"column":0},"end":{"line":96,"column":19}},"96":{"start":{"line":97,"column":0},"end":{"line":97,"column":34}},"97":{"start":{"line":98,"column":0},"end":{"line":98,"column":23}},"98":{"start":{"line":99,"column":0},"end":{"line":99,"column":23}},"99":{"start":{"line":100,"column":0},"end":{"line":100,"column":59}},"100":{"start":{"line":101,"column":0},"end":{"line":101,"column":3}},"101":{"start":{"line":102,"column":0},"end":{"line":102,"column":1}},"109":{"start":{"line":110,"column":0},"end":{"line":110,"column":50}},"110":{"start":{"line":111,"column":0},"end":{"line":111,"column":18}},"111":{"start":{"line":112,"column":0},"end":{"line":112,"column":21}},"120":{"start":{"line":121,"column":0},"end":{"line":121,"column":95}},"121":{"start":{"line":122,"column":0},"end":{"line":122,"column":43}},"122":{"start":{"line":123,"column":0},"end":{"line":123,"column":34}},"123":{"start":{"line":124,"column":0},"end":{"line":124,"column":27}},"124":{"start":{"line":125,"column":0},"end":{"line":125,"column":33}},"125":{"start":{"line":126,"column":0},"end":{"line":126,"column":59}},"126":{"start":{"line":127,"column":0},"end":{"line":127,"column":3}},"127":{"start":{"line":128,"column":0},"end":{"line":128,"column":1}},"135":{"start":{"line":136,"column":0},"end":{"line":136,"column":48}},"136":{"start":{"line":137,"column":0},"end":{"line":137,"column":25}},"137":{"start":{"line":138,"column":0},"end":{"line":138,"column":21}},"146":{"start":{"line":147,"column":0},"end":{"line":147,"column":14}},"147":{"start":{"line":148,"column":0},"end":{"line":148,"column":20}},"148":{"start":{"line":149,"column":0},"end":{"line":149,"column":27}},"149":{"start":{"line":150,"column":0},"end":{"line":150,"column":23}},"150":{"start":{"line":151,"column":0},"end":{"line":151,"column":28}},"151":{"start":{"line":152,"column":0},"end":{"line":152,"column":5}},"152":{"start":{"line":153,"column":0},"end":{"line":153,"column":46}},"153":{"start":{"line":154,"column":0},"end":{"line":154,"column":32}},"154":{"start":{"line":155,"column":0},"end":{"line":155,"column":37}},"155":{"start":{"line":156,"column":0},"end":{"line":156,"column":33}},"156":{"start":{"line":157,"column":0},"end":{"line":157,"column":57}},"157":{"start":{"line":158,"column":0},"end":{"line":158,"column":3}},"158":{"start":{"line":159,"column":0},"end":{"line":159,"column":1}}},"s":{"7":1,"8":0,"9":0,"10":0,"19":0,"20":0,"21":0,"22":0,"23":0,"24":0,"27":0,"28":0,"29":0,"37":1,"38":3,"39":3,"47":3,"48":3,"49":3,"50":3,"51":3,"53":3,"54":3,"55":3,"62":1,"63":1,"70":1,"71":1,"72":1,"73":1,"74":1,"75":1,"76":1,"84":1,"85":2,"86":2,"94":2,"95":2,"96":2,"97":2,"98":2,"99":2,"100":2,"101":2,"109":1,"110":0,"111":0,"120":0,"121":0,"122":0,"123":0,"124":0,"125":0,"126":0,"127":0,"135":1,"136":3,"137":3,"146":3,"147":3,"148":3,"149":3,"150":3,"151":3,"152":3,"153":3,"154":3,"155":3,"156":3,"157":3,"158":3},"branchMap":{"0":{"type":"branch","line":38,"loc":{"start":{"line":38,"column":39},"end":{"line":56,"column":1}},"locations":[{"start":{"line":38,"column":39},"end":{"line":56,"column":1}}]},"1":{"type":"branch","line":48,"loc":{"start":{"line":48,"column":2},"end":{"line":55,"column":3}},"locations":[{"start":{"line":48,"column":2},"end":{"line":55,"column":3}}]},"2":{"type":"branch","line":63,"loc":{"start":{"line":63,"column":43},"end":{"line":77,"column":1}},"locations":[{"start":{"line":63,"column":43},"end":{"line":77,"column":1}}]},"3":{"type":"branch","line":71,"loc":{"start":{"line":71,"column":2},"end":{"line":76,"column":3}},"locations":[{"start":{"line":71,"column":2},"end":{"line":76,"column":3}}]},"4":{"type":"branch","line":85,"loc":{"start":{"line":85,"column":43},"end":{"line":102,"column":1}},"locations":[{"start":{"line":85,"column":43},"end":{"line":102,"column":1}}]},"5":{"type":"branch","line":95,"loc":{"start":{"line":95,"column":2},"end":{"line":101,"column":3}},"locations":[{"start":{"line":95,"column":2},"end":{"line":101,"column":3}}]},"6":{"type":"branch","line":136,"loc":{"start":{"line":136,"column":47},"end":{"line":159,"column":1}},"locations":[{"start":{"line":136,"column":47},"end":{"line":159,"column":1}}]},"7":{"type":"branch","line":147,"loc":{"start":{"line":147,"column":2},"end":{"line":158,"column":3}},"locations":[{"start":{"line":147,"column":2},"end":{"line":158,"column":3}}]}},"b":{"0":[3],"1":[3],"2":[1],"3":[1],"4":[2],"5":[2],"6":[3],"7":[3]},"fnMap":{"0":{"name":"<instance_members_initializer>","decl":{"start":{"line":8,"column":37},"end":{"line":30,"column":1}},"loc":{"start":{"line":8,"column":37},"end":{"line":30,"column":1}},"line":8},"1":{"name":"<instance_members_initializer>","decl":{"start":{"line":38,"column":39},"end":{"line":56,"column":1}},"loc":{"start":{"line":38,"column":39},"end":{"line":56,"column":1}},"line":38},"2":{"name":"UploadError","decl":{"start":{"line":48,"column":2},"end":{"line":55,"column":3}},"loc":{"start":{"line":48,"column":2},"end":{"line":55,"column":3}},"line":48},"3":{"name":"<instance_members_initializer>","decl":{"start":{"line":63,"column":43},"end":{"line":77,"column":1}},"loc":{"start":{"line":63,"column":43},"end":{"line":77,"column":1}},"line":63},"4":{"name":"InvalidUrlError","decl":{"start":{"line":71,"column":2},"end":{"line":76,"column":3}},"loc":{"start":{"line":71,"column":2},"end":{"line":76,"column":3}},"line":71},"5":{"name":"<instance_members_initializer>","decl":{"start":{"line":85,"column":43},"end":{"line":102,"column":1}},"loc":{"start":{"line":85,"column":43},"end":{"line":102,"column":1}},"line":85},"6":{"name":"ValidationError","decl":{"start":{"line":95,"column":2},"end":{"line":101,"column":3}},"loc":{"start":{"line":95,"column":2},"end":{"line":101,"column":3}},"line":95},"7":{"name":"<instance_members_initializer>","decl":{"start":{"line":110,"column":49},"end":{"line":128,"column":1}},"loc":{"start":{"line":110,"column":49},"end":{"line":128,"column":1}},"line":110},"8":{"name":"<instance_members_initializer>","decl":{"start":{"line":136,"column":47},"end":{"line":159,"column":1}},"loc":{"start":{"line":136,"column":47},"end":{"line":159,"column":1}},"line":136},"9":{"name":"FileTypeError","decl":{"start":{"line":147,"column":2},"end":{"line":158,"column":3}},"loc":{"start":{"line":147,"column":2},"end":{"line":158,"column":3}},"line":147}},"f":{"0":0,"1":3,"2":3,"3":1,"4":1,"5":2,"6":2,"7":0,"8":3,"9":3}}
,"C:\\Users\\杨斌\\Desktop\\upload-file-plugin\\src\\utils\\index.ts": {"path":"C:\\Users\\杨斌\\Desktop\\upload-file-plugin\\src\\utils\\index.ts","all":false,"statementMap":{"0":{"start":{"line":1,"column":0},"end":{"line":1,"column":92}},"7":{"start":{"line":8,"column":0},"end":{"line":8,"column":54}},"9":{"start":{"line":10,"column":0},"end":{"line":10,"column":35}},"10":{"start":{"line":11,"column":0},"end":{"line":11,"column":14}},"11":{"start":{"line":12,"column":0},"end":{"line":12,"column":3}},"12":{"start":{"line":13,"column":0},"end":{"line":13,"column":36}},"13":{"start":{"line":14,"column":0},"end":{"line":14,"column":32}},"14":{"start":{"line":15,"column":0},"end":{"line":15,"column":64}},"15":{"start":{"line":16,"column":0},"end":{"line":16,"column":1}},"24":{"start":{"line":25,"column":0},"end":{"line":25,"column":73}},"25":{"start":{"line":26,"column":0},"end":{"line":26,"column":63}},"26":{"start":{"line":27,"column":0},"end":{"line":27,"column":66}},"27":{"start":{"line":28,"column":0},"end":{"line":28,"column":3}},"29":{"start":{"line":30,"column":0},"end":{"line":30,"column":36}},"31":{"start":{"line":32,"column":0},"end":{"line":32,"column":17}},"32":{"start":{"line":33,"column":0},"end":{"line":33,"column":41}},"33":{"start":{"line":34,"column":0},"end":{"line":34,"column":56}},"34":{"start":{"line":35,"column":0},"end":{"line":35,"column":82}},"35":{"start":{"line":36,"column":0},"end":{"line":36,"column":39}},"38":{"start":{"line":39,"column":0},"end":{"line":39,"column":98}},"40":{"start":{"line":41,"column":0},"end":{"line":41,"column":51}},"41":{"start":{"line":42,"column":0},"end":{"line":42,"column":1}},"58":{"start":{"line":59,"column":0},"end":{"line":59,"column":79}},"59":{"start":{"line":60,"column":0},"end":{"line":60,"column":45}},"61":{"start":{"line":62,"column":0},"end":{"line":62,"column":54}},"62":{"start":{"line":63,"column":0},"end":{"line":63,"column":47}},"63":{"start":{"line":64,"column":0},"end":{"line":64,"column":65}},"64":{"start":{"line":65,"column":0},"end":{"line":65,"column":60}},"65":{"start":{"line":66,"column":0},"end":{"line":66,"column":5}},"66":{"start":{"line":67,"column":0},"end":{"line":67,"column":17}},"67":{"start":{"line":68,"column":0},"end":{"line":68,"column":70}},"68":{"start":{"line":69,"column":0},"end":{"line":69,"column":3}},"69":{"start":{"line":70,"column":0},"end":{"line":70,"column":14}},"70":{"start":{"line":71,"column":0},"end":{"line":71,"column":1}},"79":{"start":{"line":80,"column":0},"end":{"line":80,"column":72}},"80":{"start":{"line":81,"column":0},"end":{"line":81,"column":69}},"81":{"start":{"line":82,"column":0},"end":{"line":82,"column":78}},"82":{"start":{"line":83,"column":0},"end":{"line":83,"column":3}},"84":{"start":{"line":85,"column":0},"end":{"line":85,"column":28}},"85":{"start":{"line":86,"column":0},"end":{"line":86,"column":30}},"86":{"start":{"line":87,"column":0},"end":{"line":87,"column":68}},"87":{"start":{"line":88,"column":0},"end":{"line":88,"column":14}},"88":{"start":{"line":89,"column":0},"end":{"line":89,"column":16}},"89":{"start":{"line":90,"column":0},"end":{"line":90,"column":10}},"90":{"start":{"line":91,"column":0},"end":{"line":91,"column":6}},"91":{"start":{"line":92,"column":0},"end":{"line":92,"column":3}},"92":{"start":{"line":93,"column":0},"end":{"line":93,"column":14}},"93":{"start":{"line":94,"column":0},"end":{"line":94,"column":1}},"101":{"start":{"line":102,"column":0},"end":{"line":102,"column":50}},"102":{"start":{"line":103,"column":0},"end":{"line":103,"column":7}},"103":{"start":{"line":104,"column":0},"end":{"line":104,"column":17}},"104":{"start":{"line":105,"column":0},"end":{"line":105,"column":16}},"105":{"start":{"line":106,"column":0},"end":{"line":106,"column":11}},"106":{"start":{"line":107,"column":0},"end":{"line":107,"column":47}},"107":{"start":{"line":108,"column":0},"end":{"line":108,"column":3}},"108":{"start":{"line":109,"column":0},"end":{"line":109,"column":1}},"119":{"start":{"line":120,"column":0},"end":{"line":120,"column":37}},"120":{"start":{"line":121,"column":0},"end":{"line":121,"column":14}},"121":{"start":{"line":122,"column":0},"end":{"line":122,"column":28}},"122":{"start":{"line":123,"column":0},"end":{"line":123,"column":22}},"123":{"start":{"line":124,"column":0},"end":{"line":124,"column":26}},"124":{"start":{"line":125,"column":0},"end":{"line":125,"column":22}},"125":{"start":{"line":126,"column":0},"end":{"line":126,"column":7}},"126":{"start":{"line":127,"column":0},"end":{"line":127,"column":47}},"129":{"start":{"line":130,"column":0},"end":{"line":130,"column":73}},"130":{"start":{"line":131,"column":0},"end":{"line":131,"column":51}},"131":{"start":{"line":132,"column":0},"end":{"line":132,"column":5}},"133":{"start":{"line":134,"column":0},"end":{"line":134,"column":20}},"134":{"start":{"line":135,"column":0},"end":{"line":135,"column":19}},"135":{"start":{"line":136,"column":0},"end":{"line":136,"column":47}},"136":{"start":{"line":137,"column":0},"end":{"line":137,"column":65}},"137":{"start":{"line":138,"column":0},"end":{"line":138,"column":65}},"138":{"start":{"line":139,"column":0},"end":{"line":139,"column":66}},"139":{"start":{"line":140,"column":0},"end":{"line":140,"column":5}},"140":{"start":{"line":141,"column":0},"end":{"line":141,"column":16}},"141":{"start":{"line":142,"column":0},"end":{"line":142,"column":3}},"142":{"start":{"line":143,"column":0},"end":{"line":143,"column":1}},"149":{"start":{"line":150,"column":0},"end":{"line":150,"column":50}},"150":{"start":{"line":151,"column":0},"end":{"line":151,"column":46}},"151":{"start":{"line":152,"column":0},"end":{"line":152,"column":10}},"152":{"start":{"line":153,"column":0},"end":{"line":153,"column":34}},"153":{"start":{"line":154,"column":0},"end":{"line":154,"column":48}},"154":{"start":{"line":155,"column":0},"end":{"line":155,"column":42}},"156":{"start":{"line":157,"column":0},"end":{"line":157,"column":1}}},"s":{"0":1,"7":1,"9":12,"10":1,"11":1,"12":11,"13":12,"14":12,"15":12,"24":1,"25":6,"26":2,"27":2,"29":6,"31":4,"32":6,"33":6,"34":6,"35":6,"38":6,"40":6,"41":6,"58":1,"59":8,"61":7,"62":7,"63":9,"64":9,"65":7,"66":8,"67":3,"68":3,"69":4,"70":4,"79":1,"80":1,"81":0,"82":0,"84":1,"85":0,"86":0,"87":0,"88":0,"89":0,"90":0,"91":0,"92":1,"93":1,"101":1,"102":6,"103":6,"104":6,"105":6,"106":1,"107":1,"108":6,"119":2,"120":2,"121":2,"122":2,"123":2,"124":2,"125":2,"126":2,"129":2,"130":0,"131":0,"133":2,"134":2,"135":0,"136":0,"137":0,"138":0,"139":0,"140":0,"141":0,"142":2,"149":0,"150":0,"151":0,"152":0,"153":0,"154":0,"156":0},"branchMap":{"0":{"type":"branch","line":8,"loc":{"start":{"line":8,"column":7},"end":{"line":16,"column":1}},"locations":[{"start":{"line":8,"column":7},"end":{"line":16,"column":1}}]},"1":{"type":"branch","line":10,"loc":{"start":{"line":10,"column":34},"end":{"line":12,"column":3}},"locations":[{"start":{"line":10,"column":34},"end":{"line":12,"column":3}}]},"2":{"type":"branch","line":12,"loc":{"start":{"line":12,"column":2},"end":{"line":14,"column":29}},"locations":[{"start":{"line":12,"column":2},"end":{"line":14,"column":29}}]},"3":{"type":"branch","line":14,"loc":{"start":{"line":14,"column":24},"end":{"line":14,"column":32}},"locations":[{"start":{"line":14,"column":24},"end":{"line":14,"column":32}}]},"4":{"type":"branch","line":15,"loc":{"start":{"line":15,"column":17},"end":{"line":15,"column":33}},"locations":[{"start":{"line":15,"column":17},"end":{"line":15,"column":33}}]},"5":{"type":"branch","line":15,"loc":{"start":{"line":15,"column":28},"end":{"line":15,"column":64}},"locations":[{"start":{"line":15,"column":28},"end":{"line":15,"column":64}}]},"6":{"type":"branch","line":25,"loc":{"start":{"line":25,"column":7},"end":{"line":42,"column":1}},"locations":[{"start":{"line":25,"column":7},"end":{"line":42,"column":1}}]},"7":{"type":"branch","line":26,"loc":{"start":{"line":26,"column":46},"end":{"line":26,"column":62}},"locations":[{"start":{"line":26,"column":46},"end":{"line":26,"column":62}}]},"8":{"type":"branch","line":26,"loc":{"start":{"line":26,"column":62},"end":{"line":28,"column":3}},"locations":[{"start":{"line":26,"column":62},"end":{"line":28,"column":3}}]},"9":{"type":"branch","line":28,"loc":{"start":{"line":28,"column":2},"end":{"line":30,"column":26}},"locations":[{"start":{"line":28,"column":2},"end":{"line":30,"column":26}}]},"10":{"type":"branch","line":30,"loc":{"start":{"line":30,"column":19},"end":{"line":30,"column":36}},"locations":[{"start":{"line":30,"column":19},"end":{"line":30,"column":36}}]},"11":{"type":"branch","line":30,"loc":{"start":{"line":30,"column":26},"end":{"line":33,"column":28}},"locations":[{"start":{"line":30,"column":26},"end":{"line":33,"column":28}}]},"12":{"type":"branch","line":33,"loc":{"start":{"line":33,"column":24},"end":{"line":33,"column":32}},"locations":[{"start":{"line":33,"column":24},"end":{"line":33,"column":32}}]},"13":{"type":"branch","line":33,"loc":{"start":{"line":33,"column":28},"end":{"line":33,"column":41}},"locations":[{"start":{"line":33,"column":28},"end":{"line":33,"column":41}}]},"14":{"type":"branch","line":59,"loc":{"start":{"line":59,"column":7},"end":{"line":71,"column":1}},"locations":[{"start":{"line":59,"column":7},"end":{"line":71,"column":1}}]},"15":{"type":"branch","line":60,"loc":{"start":{"line":60,"column":33},"end":{"line":60,"column":45}},"locations":[{"start":{"line":60,"column":33},"end":{"line":60,"column":45}}]},"16":{"type":"branch","line":60,"loc":{"start":{"line":60,"column":40},"end":{"line":67,"column":16}},"locations":[{"start":{"line":60,"column":40},"end":{"line":67,"column":16}}]},"17":{"type":"branch","line":67,"loc":{"start":{"line":67,"column":16},"end":{"line":71,"column":1}},"locations":[{"start":{"line":67,"column":16},"end":{"line":71,"column":1}}]},"18":{"type":"branch","line":67,"loc":{"start":{"line":67,"column":16},"end":{"line":69,"column":3}},"locations":[{"start":{"line":67,"column":16},"end":{"line":69,"column":3}}]},"19":{"type":"branch","line":69,"loc":{"start":{"line":69,"column":2},"end":{"line":71,"column":1}},"locations":[{"start":{"line":69,"column":2},"end":{"line":71,"column":1}}]},"20":{"type":"branch","line":63,"loc":{"start":{"line":63,"column":36},"end":{"line":66,"column":3}},"locations":[{"start":{"line":63,"column":36},"end":{"line":66,"column":3}}]},"21":{"type":"branch","line":65,"loc":{"start":{"line":65,"column":25},"end":{"line":65,"column":60}},"locations":[{"start":{"line":65,"column":25},"end":{"line":65,"column":60}}]},"22":{"type":"branch","line":80,"loc":{"start":{"line":80,"column":7},"end":{"line":94,"column":1}},"locations":[{"start":{"line":80,"column":7},"end":{"line":94,"column":1}}]},"23":{"type":"branch","line":81,"loc":{"start":{"line":81,"column":68},"end":{"line":83,"column":3}},"locations":[{"start":{"line":81,"column":68},"end":{"line":83,"column":3}}]},"24":{"type":"branch","line":85,"loc":{"start":{"line":85,"column":27},"end":{"line":92,"column":3}},"locations":[{"start":{"line":85,"column":27},"end":{"line":92,"column":3}}]},"25":{"type":"branch","line":102,"loc":{"start":{"line":102,"column":7},"end":{"line":109,"column":1}},"locations":[{"start":{"line":102,"column":7},"end":{"line":109,"column":1}}]},"26":{"type":"branch","line":106,"loc":{"start":{"line":106,"column":2},"end":{"line":108,"column":3}},"locations":[{"start":{"line":106,"column":2},"end":{"line":108,"column":3}}]},"27":{"type":"branch","line":120,"loc":{"start":{"line":120,"column":0},"end":{"line":143,"column":1}},"locations":[{"start":{"line":120,"column":0},"end":{"line":143,"column":1}}]},"28":{"type":"branch","line":130,"loc":{"start":{"line":130,"column":27},"end":{"line":130,"column":59}},"locations":[{"start":{"line":130,"column":27},"end":{"line":130,"column":59}}]},"29":{"type":"branch","line":130,"loc":{"start":{"line":130,"column":52},"end":{"line":130,"column":72}},"locations":[{"start":{"line":130,"column":52},"end":{"line":130,"column":72}}]},"30":{"type":"branch","line":130,"loc":{"start":{"line":130,"column":72},"end":{"line":132,"column":5}},"locations":[{"start":{"line":130,"column":72},"end":{"line":132,"column":5}}]},"31":{"type":"branch","line":135,"loc":{"start":{"line":135,"column":2},"end":{"line":142,"column":3}},"locations":[{"start":{"line":135,"column":2},"end":{"line":142,"column":3}}]}},"b":{"0":[12],"1":[1],"2":[11],"3":[1],"4":[2],"5":[9],"6":[6],"7":[5],"8":[2],"9":[4],"10":[0],"11":[4],"12":[0],"13":[4],"14":[8],"15":[1],"16":[7],"17":[6],"18":[3],"19":[4],"20":[9],"21":[8],"22":[1],"23":[0],"24":[0],"25":[6],"26":[1],"27":[2],"28":[0],"29":[0],"30":[0],"31":[0]},"fnMap":{"0":{"name":"getFileExt","decl":{"start":{"line":8,"column":7},"end":{"line":16,"column":1}},"loc":{"start":{"line":8,"column":7},"end":{"line":16,"column":1}},"line":8},"1":{"name":"formatSize","decl":{"start":{"line":25,"column":7},"end":{"line":42,"column":1}},"loc":{"start":{"line":25,"column":7},"end":{"line":42,"column":1}},"line":25},"2":{"name":"validateFileType","decl":{"start":{"line":59,"column":7},"end":{"line":71,"column":1}},"loc":{"start":{"line":59,"column":7},"end":{"line":71,"column":1}},"line":59},"3":{"name":"validateFileSize","decl":{"start":{"line":80,"column":7},"end":{"line":94,"column":1}},"loc":{"start":{"line":80,"column":7},"end":{"line":94,"column":1}},"line":80},"4":{"name":"isValidUrl","decl":{"start":{"line":102,"column":7},"end":{"line":109,"column":1}},"loc":{"start":{"line":102,"column":7},"end":{"line":109,"column":1}},"line":102},"5":{"name":"fetchWithRetry","decl":{"start":{"line":120,"column":0},"end":{"line":143,"column":1}},"loc":{"start":{"line":120,"column":0},"end":{"line":143,"column":1}},"line":120},"6":{"name":"isNetworkError","decl":{"start":{"line":150,"column":0},"end":{"line":157,"column":1}},"loc":{"start":{"line":150,"column":0},"end":{"line":157,"column":1}},"line":150}},"f":{"0":12,"1":6,"2":8,"3":1,"4":6,"5":2,"6":0}}
,"C:\\Users\\杨斌\\Desktop\\upload-file-plugin\\src\\utils\\validation.ts": {"path":"C:\\Users\\杨斌\\Desktop\\upload-file-plugin\\src\\utils\\validation.ts","all":false,"statementMap":{"1":{"start":{"line":2,"column":0},"end":{"line":2,"column":43}},"18":{"start":{"line":19,"column":0},"end":{"line":19,"column":88}},"19":{"start":{"line":20,"column":0},"end":{"line":20,"column":29}},"20":{"start":{"line":21,"column":0},"end":{"line":21,"column":38}},"21":{"start":{"line":22,"column":0},"end":{"line":22,"column":55}},"22":{"start":{"line":23,"column":0},"end":{"line":23,"column":63}},"23":{"start":{"line":24,"column":0},"end":{"line":24,"column":5}},"24":{"start":{"line":25,"column":0},"end":{"line":25,"column":3}},"25":{"start":{"line":26,"column":0},"end":{"line":26,"column":1}}},"s":{"1":1,"18":1,"19":3,"20":9,"21":9,"22":0,"23":0,"24":9,"25":3},"branchMap":{"0":{"type":"branch","line":19,"loc":{"start":{"line":19,"column":7},"end":{"line":26,"column":1}},"locations":[{"start":{"line":19,"column":7},"end":{"line":26,"column":1}}]},"1":{"type":"branch","line":20,"loc":{"start":{"line":20,"column":28},"end":{"line":25,"column":3}},"locations":[{"start":{"line":20,"column":28},"end":{"line":25,"column":3}}]},"2":{"type":"branch","line":22,"loc":{"start":{"line":22,"column":18},"end":{"line":22,"column":54}},"locations":[{"start":{"line":22,"column":18},"end":{"line":22,"column":54}}]},"3":{"type":"branch","line":22,"loc":{"start":{"line":22,"column":54},"end":{"line":24,"column":5}},"locations":[{"start":{"line":22,"column":54},"end":{"line":24,"column":5}}]}},"b":{"0":[3],"1":[9],"2":[0],"3":[0]},"fnMap":{"0":{"name":"validateOptions","decl":{"start":{"line":19,"column":7},"end":{"line":26,"column":1}},"loc":{"start":{"line":19,"column":7},"end":{"line":26,"column":1}},"line":19}},"f":{"0":3}}
,"C:\\Users\\杨斌\\Desktop\\upload-file-plugin\\src\\workers\\hash.worker.ts": {"path":"C:\\Users\\杨斌\\Desktop\\upload-file-plugin\\src\\workers\\hash.worker.ts","all":true,"statementMap":{"0":{"start":{"line":1,"column":0},"end":{"line":1,"column":33}},"1":{"start":{"line":2,"column":0},"end":{"line":2,"column":0}},"2":{"start":{"line":3,"column":0},"end":{"line":3,"column":74}},"3":{"start":{"line":4,"column":0},"end":{"line":4,"column":37}},"4":{"start":{"line":5,"column":0},"end":{"line":5,"column":38}},"5":{"start":{"line":6,"column":0},"end":{"line":6,"column":43}},"6":{"start":{"line":7,"column":0},"end":{"line":7,"column":17}},"7":{"start":{"line":8,"column":0},"end":{"line":8,"column":0}},"8":{"start":{"line":9,"column":0},"end":{"line":9,"column":31}},"9":{"start":{"line":10,"column":0},"end":{"line":10,"column":61}},"10":{"start":{"line":11,"column":0},"end":{"line":11,"column":44}},"11":{"start":{"line":12,"column":0},"end":{"line":12,"column":4}},"12":{"start":{"line":13,"column":0},"end":{"line":13,"column":0}},"13":{"start":{"line":14,"column":0},"end":{"line":14,"column":30}},"14":{"start":{"line":15,"column":0},"end":{"line":15,"column":27}},"15":{"start":{"line":16,"column":0},"end":{"line":16,"column":51}},"16":{"start":{"line":17,"column":0},"end":{"line":17,"column":5}},"17":{"start":{"line":18,"column":0},"end":{"line":18,"column":24}},"18":{"start":{"line":19,"column":0},"end":{"line":19,"column":0}},"19":{"start":{"line":20,"column":0},"end":{"line":20,"column":29}},"20":{"start":{"line":21,"column":0},"end":{"line":21,"column":77}},"21":{"start":{"line":22,"column":0},"end":{"line":22,"column":22}},"22":{"start":{"line":23,"column":0},"end":{"line":23,"column":12}},"23":{"start":{"line":24,"column":0},"end":{"line":24,"column":31}},"24":{"start":{"line":25,"column":0},"end":{"line":25,"column":48}},"25":{"start":{"line":26,"column":0},"end":{"line":26,"column":19}},"26":{"start":{"line":27,"column":0},"end":{"line":27,"column":5}},"27":{"start":{"line":28,"column":0},"end":{"line":28,"column":4}},"28":{"start":{"line":29,"column":0},"end":{"line":29,"column":0}},"29":{"start":{"line":30,"column":0},"end":{"line":30,"column":30}},"30":{"start":{"line":31,"column":0},"end":{"line":31,"column":91}},"31":{"start":{"line":32,"column":0},"end":{"line":32,"column":17}},"32":{"start":{"line":33,"column":0},"end":{"line":33,"column":4}},"33":{"start":{"line":34,"column":0},"end":{"line":34,"column":0}},"34":{"start":{"line":35,"column":0},"end":{"line":35,"column":18}},"35":{"start":{"line":36,"column":0},"end":{"line":36,"column":2}}},"s":{"0":0,"1":0,"2":0,"3":0,"4":0,"5":0,"6":0,"7":0,"8":0,"9":0,"10":0,"11":0,"12":0,"13":0,"14":0,"15":0,"16":0,"17":0,"18":0,"19":0,"20":0,"21":0,"22":0,"23":0,"24":0,"25":0,"26":0,"27":0,"28":0,"29":0,"30":0,"31":0,"32":0,"33":0,"34":0,"35":0},"branchMap":{"0":{"type":"branch","line":1,"loc":{"start":{"line":1,"column":0},"end":{"line":36,"column":2}},"locations":[{"start":{"line":1,"column":0},"end":{"line":36,"column":2}}]}},"b":{"0":[0]},"fnMap":{"0":{"name":"(empty-report)","decl":{"start":{"line":1,"column":0},"end":{"line":36,"column":2}},"loc":{"start":{"line":1,"column":0},"end":{"line":36,"column":2}},"line":1}},"f":{"0":0}}
}
